<?xml version="1.0" encoding="UTF-8"?>
<testsuite xmlns:xsi="http://www.w3.org/2001/XMLSchema-instance" xsi:noNamespaceSchemaLocation="https://maven.apache.org/surefire/maven-surefire-plugin/xsd/surefire-test-report.xsd" version="3.0.1" name="TestSuite" time="14.717" tests="4" errors="0" skipped="0" failures="1">
  <properties>
[...]
</properties>
  <testcase name="runScenario[&quot;Verifying items added on lading page are showing on checkout page&quot;, &quot;Add items to cart and verfiy items on checkout page&quot;](1)" classname="cucumberOptions.TestNGTestRunner" time="12.556">
    <system-out><![CDATA[
@OffersPage
Scenario Outline: Search experience for product search in both home and Offer Page # src/test/java/features/searchProduct.feature:13

@PlaceOrder
Scenario Outline: Verifying items added on lading page are showing on checkout page              # src/test/java/features/verifyCheckoutPage.feature:14

@OffersPage
Scenario Outline: Search experience for product search in both home and Offer Page # src/test/java/features/searchProduct.feature:14

@OffersPage
Scenario Outline: Search experience for product search in both home and Offer Page # src/test/java/features/searchProduct.feature:12
  Given User is on Grrenkart Landing Page                                                        # stepDefinitions.LandingPageStepDefinitions.user_is_on_grrenkart_landing_page()
  Given User is on Grrenkart Landing Page                                          # stepDefinitions.LandingPageStepDefinitions.user_is_on_grrenkart_landing_page()
  Given User is on Grrenkart Landing Page                                          # stepDefinitions.LandingPageStepDefinitions.user_is_on_grrenkart_landing_page()
  Given User is on Grrenkart Landing Page                                          # stepDefinitions.LandingPageStepDefinitions.user_is_on_grrenkart_landing_page()
  When User searches with shortname Tom and extracted actual name of product                     # stepDefinitions.LandingPageStepDefinitions.user_searches_with_shortname_and_extracted_actual_name_of_product(java.lang.String)
  And User adds quantity "4" of the product to the cart                                          # stepDefinitions.LandingPageStepDefinitions.user_adds_quantity_of_the_product_to_the_cart(java.lang.String)
  When User searches with shortname straw and extracted actual name of product     # stepDefinitions.LandingPageStepDefinitions.user_searches_with_shortname_and_extracted_actual_name_of_product(java.lang.String)
  When User searches with shortname beet and extracted actual name of product      # stepDefinitions.LandingPageStepDefinitions.user_searches_with_shortname_and_extracted_actual_name_of_product(java.lang.String)
  When User searches with shortname Tom and extracted actual name of product       # stepDefinitions.LandingPageStepDefinitions.user_searches_with_shortname_and_extracted_actual_name_of_product(java.lang.String)
  And User navigates to checkout Page                                                            # stepDefinitions.LandingPageStepDefinitions.user_navigates_to_checkout_page()
Tomato
4
Strawberry
  Then User searches with same shortname straw on offers page                      # stepDefinitions.OffersPageStepDefinitions.user_searches_with_same_shortname_on_offers_page(java.lang.String)
  And validate product name in offers page matches with landing page               # stepDefinitions.OffersPageStepDefinitions.validate_product_name_in_offers_page_matches_with_landing_page()
  Then The product with shortname "Tom" and quantity "4" is shown correctly on the checkout page # stepDefinitions.CheckoutPageStepDefinitions.the_product_with_shortname_and_quantity_is_shown_correctly_on_the_checkout_page(java.lang.String,java.lang.String)
  And Apply and Place order buttons are showing on the checkout page                             # stepDefinitions.CheckoutPageStepDefinitions.apply_and_place_order_buttons_are_showing_on_the_checkout_page()
No data
  Then User searches with same shortname beet on offers page                       # stepDefinitions.OffersPageStepDefinitions.user_searches_with_same_shortname_on_offers_page(java.lang.String)
  And validate product name in offers page matches with landing page               # stepDefinitions.OffersPageStepDefinitions.validate_product_name_in_offers_page_matches_with_landing_page()
      java.lang.AssertionError: expected [Beetroot] but found [No data]
      	at org.testng.Assert.fail(Assert.java:111)
      	at org.testng.Assert.failNotEquals(Assert.java:1590)
      	at org.testng.Assert.assertEqualsImpl(Assert.java:150)
      	at org.testng.Assert.assertEquals(Assert.java:132)
      	at org.testng.Assert.assertEquals(Assert.java:656)
      	at org.testng.Assert.assertEquals(Assert.java:666)
      	at stepDefinitions.OffersPageStepDefinitions.validate_product_name_in_offers_page_matches_with_landing_page(OffersPageStepDefinitions.java:38)
      	at ✽.validate product name in offers page matches with landing page(file:///D:/eclipse/Selenium_Cucumber_Framework/src/test/java/features/searchProduct.feature:8)
Tomato
  Then User searches with same shortname Tom on offers page                        # stepDefinitions.OffersPageStepDefinitions.user_searches_with_same_shortname_on_offers_page(java.lang.String)
  And validate product name in offers page matches with landing page               # stepDefinitions.OffersPageStepDefinitions.validate_product_name_in_offers_page_matches_with_landing_page()
      java.lang.NullPointerException
      	at java.base/java.util.Objects.requireNonNull(Objects.java:233)
      	at io.cucumber.core.runner.TestCaseState.attach(TestCaseState.java:71)
      	at io.cucumber.java.Scenario.attach(Scenario.java:78)
      	at stepDefinitions.Hooks.AddScreenshot(Hooks.java:41)
]]></system-out>
    <system-err><![CDATA[SLF4J(W): No SLF4J providers were found.
SLF4J(W): Defaulting to no-operation (NOP) logger implementation
SLF4J(W): See https://www.slf4j.org/codes.html#noProviders for further details.
]]></system-err>
  </testcase>
  <testcase name="runScenario[&quot;Search experience for product search in both home and Offer Page&quot;, &quot;Search and Place the order for Products&quot;](2)" classname="cucumberOptions.TestNGTestRunner" time="12.672"/>
  <testcase name="runScenario[&quot;Search experience for product search in both home and Offer Page&quot;, &quot;Search and Place the order for Products&quot;](3)" classname="cucumberOptions.TestNGTestRunner" time="13.037"/>
  <testcase name="runScenario[&quot;Search experience for product search in both home and Offer Page&quot;, &quot;Search and Place the order for Products&quot;](4)" classname="cucumberOptions.TestNGTestRunner" time="13.086">
    <failure message="expected [Beetroot] but found [No data]" type="java.lang.AssertionError"><![CDATA[java.lang.AssertionError: expected [Beetroot] but found [No data]
	at org.testng.Assert.fail(Assert.java:111)
	at org.testng.Assert.failNotEquals(Assert.java:1590)
	at org.testng.Assert.assertEqualsImpl(Assert.java:150)
	at org.testng.Assert.assertEquals(Assert.java:132)
	at org.testng.Assert.assertEquals(Assert.java:656)
	at org.testng.Assert.assertEquals(Assert.java:666)
	at stepDefinitions.OffersPageStepDefinitions.validate_product_name_in_offers_page_matches_with_landing_page(OffersPageStepDefinitions.java:38)
	at ✽.validate product name in offers page matches with landing page(file:///D:/eclipse/Selenium_Cucumber_Framework/src/test/java/features/searchProduct.feature:8)
]]></failure>
  </testcase>
</testsuite>