<?xml version="1.0" encoding="UTF-8"?>
<testng-results ignored="0" total="4" passed="4" failed="0" skipped="0">
  <reporter-output>
  </reporter-output>
  <suite started-at="2025-08-25T19:58:19 IST" name="Surefire suite" finished-at="2025-08-25T19:58:43 IST" duration-ms="23434">
    <groups>
      <group name="cucumber">
        <method signature="AbstractTestNGCucumberTests.runScenario(io.cucumber.testng.PickleWrapper,io.cucumber.testng.FeatureWrapper)[pri:0, instance:cucumberOptions.TestNGTestRunner@359f7cdf]" name="runScenario" class="io.cucumber.testng.AbstractTestNGCucumberTests"/>
      </group> <!-- cucumber -->
    </groups>
    <test started-at="2025-08-25T19:58:19 IST" name="Surefire test" finished-at="2025-08-25T19:58:43 IST" duration-ms="23434">
      <class name="cucumberOptions.TestNGTestRunner">
        <test-method is-config="true" signature="setUpClass(org.testng.ITestContext)[pri:0, instance:cucumberOptions.TestNGTestRunner@359f7cdf]" started-at="2025-08-25T19:58:19 IST" name="setUpClass" finished-at="2025-08-25T19:58:21 IST" duration-ms="2067" status="PASS">
          <params>
            <param index="0">
              <value>
                <![CDATA[org.testng.TestRunner@6a9950f1]]>
              </value>
            </param>
          </params>
          <reporter-output>
          </reporter-output>
        </test-method> <!-- setUpClass -->
        <test-method signature="runScenario(io.cucumber.testng.PickleWrapper,io.cucumber.testng.FeatureWrapper)[pri:0, instance:cucumberOptions.TestNGTestRunner@359f7cdf]" started-at="2025-08-25T19:58:21 IST" name="runScenario" description="Runs Cucumber Scenarios" data-provider="scenarios" finished-at="2025-08-25T19:58:39 IST" duration-ms="17617" status="PASS">
          <params>
            <param index="0">
              <value>
                <![CDATA["Search experience for product search in both home and Offer Page"]]>
              </value>
            </param>
            <param index="1">
              <value>
                <![CDATA["Search and Place the order for Products"]]>
              </value>
            </param>
          </params>
          <reporter-output>
          </reporter-output>
        </test-method> <!-- runScenario -->
        <test-method signature="runScenario(io.cucumber.testng.PickleWrapper,io.cucumber.testng.FeatureWrapper)[pri:0, instance:cucumberOptions.TestNGTestRunner@359f7cdf]" started-at="2025-08-25T19:58:21 IST" name="runScenario" description="Runs Cucumber Scenarios" data-provider="scenarios" finished-at="2025-08-25T19:58:42 IST" duration-ms="20382" status="PASS">
          <params>
            <param index="0">
              <value>
                <![CDATA["Verifying items added on lading page are showing on checkout page"]]>
              </value>
            </param>
            <param index="1">
              <value>
                <![CDATA["Add items to cart and verfiy items on checkout page"]]>
              </value>
            </param>
          </params>
          <reporter-output>
          </reporter-output>
        </test-method> <!-- runScenario -->
        <test-method signature="runScenario(io.cucumber.testng.PickleWrapper,io.cucumber.testng.FeatureWrapper)[pri:0, instance:cucumberOptions.TestNGTestRunner@359f7cdf]" started-at="2025-08-25T19:58:21 IST" name="runScenario" description="Runs Cucumber Scenarios" data-provider="scenarios" finished-at="2025-08-25T19:58:37 IST" duration-ms="15428" status="PASS">
          <params>
            <param index="0">
              <value>
                <![CDATA["Correct Footer text Shown on Homepage"]]>
              </value>
            </param>
            <param index="1">
              <value>
                <![CDATA["Homepage Looks and Feel"]]>
              </value>
            </param>
          </params>
          <reporter-output>
          </reporter-output>
        </test-method> <!-- runScenario -->
        <test-method signature="runScenario(io.cucumber.testng.PickleWrapper,io.cucumber.testng.FeatureWrapper)[pri:0, instance:cucumberOptions.TestNGTestRunner@359f7cdf]" started-at="2025-08-25T19:58:21 IST" name="runScenario" description="Runs Cucumber Scenarios" data-provider="scenarios" finished-at="2025-08-25T19:58:37 IST" duration-ms="15233" status="PASS">
          <params>
            <param index="0">
              <value>
                <![CDATA["Top Deals and Flight Booking Links Shown on Homepage"]]>
              </value>
            </param>
            <param index="1">
              <value>
                <![CDATA["Homepage Looks and Feel"]]>
              </value>
            </param>
          </params>
          <reporter-output>
          </reporter-output>
        </test-method> <!-- runScenario -->
        <test-method is-config="true" signature="tearDownClass()[pri:0, instance:cucumberOptions.TestNGTestRunner@359f7cdf]" started-at="2025-08-25T19:58:42 IST" name="tearDownClass" finished-at="2025-08-25T19:58:43 IST" duration-ms="864" status="PASS">
          <reporter-output>
          </reporter-output>
        </test-method> <!-- tearDownClass -->
      </class> <!-- cucumberOptions.TestNGTestRunner -->
    </test> <!-- Surefire test -->
  </suite> <!-- Surefire suite -->
</testng-results>
