<?xml version="1.0" encoding="UTF-8"?>
<testsuite xmlns:xsi="http://www.w3.org/2001/XMLSchema-instance" xsi:noNamespaceSchemaLocation="https://maven.apache.org/surefire/maven-surefire-plugin/xsd/surefire-test-report.xsd" version="3.0.1" name="TestSuite" time="15.45" tests="3" errors="0" skipped="0" failures="3">
  <properties>
[...]
</properties>
  <testcase name="runScenario[&quot;Search experience for product search in both home and Offer Page&quot;, &quot;Search and Place the order for Products&quot;](1)" classname="cucumberOptions.TestNGTestRunner" time="10.559">
    <failure message="Could not start a new session. Response code 500. Message: session not created: This version of Microsoft Edge WebDriver only supports Microsoft Edge version 135&#10;Current browser version is 139.0.3405.111 with binary path C:\Program Files (x86)\Microsoft\Edge\Application\msedge.exe &#10;Host info: host: &apos;NIRMAL-RAWAT&apos;, ip: &apos;192.168.0.117&apos;&#10;Build info: version: &apos;4.31.0&apos;, revision: &apos;1ef9f18787*&apos;&#10;System info: os.name: &apos;Windows 11&apos;, os.arch: &apos;amd64&apos;, os.version: &apos;10.0&apos;, java.version: &apos;21.0.2&apos;&#10;Driver info: org.openqa.selenium.edge.EdgeDriver&#10;Command: [null, newSession {capabilities=[Capabilities {browserName: MicrosoftEdge, ms:edgeOptions: {args: [], binary: C:\Program Files (x86)\Micr..., extensions: []}}]}]" type="org.openqa.selenium.SessionNotCreatedException"><![CDATA[org.openqa.selenium.SessionNotCreatedException: 
Could not start a new session. Response code 500. Message: session not created: This version of Microsoft Edge WebDriver only supports Microsoft Edge version 135
Current browser version is 139.0.3405.111 with binary path C:\Program Files (x86)\Microsoft\Edge\Application\msedge.exe 
Host info: host: 'NIRMAL-RAWAT', ip: '192.168.0.117'
Build info: version: '4.31.0', revision: '1ef9f18787*'
System info: os.name: 'Windows 11', os.arch: 'amd64', os.version: '10.0', java.version: '21.0.2'
Driver info: org.openqa.selenium.edge.EdgeDriver
Command: [null, newSession {capabilities=[Capabilities {browserName: MicrosoftEdge, ms:edgeOptions: {args: [], binary: C:\Program Files (x86)\Micr..., extensions: []}}]}]
	at org.openqa.selenium.remote.ProtocolHandshake.createSession(ProtocolHandshake.java:114)
	at org.openqa.selenium.remote.ProtocolHandshake.createSession(ProtocolHandshake.java:75)
	at org.openqa.selenium.remote.ProtocolHandshake.createSession(ProtocolHandshake.java:61)
	at org.openqa.selenium.remote.HttpCommandExecutor.execute(HttpCommandExecutor.java:187)
	at org.openqa.selenium.remote.service.DriverCommandExecutor.invokeExecute(DriverCommandExecutor.java:216)
	at org.openqa.selenium.remote.service.DriverCommandExecutor.execute(DriverCommandExecutor.java:174)
	at org.openqa.selenium.remote.RemoteWebDriver.execute(RemoteWebDriver.java:545)
	at org.openqa.selenium.remote.RemoteWebDriver.startSession(RemoteWebDriver.java:245)
	at org.openqa.selenium.remote.RemoteWebDriver.<init>(RemoteWebDriver.java:174)
	at org.openqa.selenium.chromium.ChromiumDriver.<init>(ChromiumDriver.java:110)
	at org.openqa.selenium.edge.EdgeDriver.<init>(EdgeDriver.java:60)
	at org.openqa.selenium.edge.EdgeDriver.<init>(EdgeDriver.java:56)
	at org.openqa.selenium.edge.EdgeDriver.<init>(EdgeDriver.java:48)
	at org.openqa.selenium.edge.EdgeDriver.<init>(EdgeDriver.java:44)
	at utils.TestBase.webDriverManager(TestBase.java:57)
	at utils.TestContextSetup.<init>(TestContextSetup.java:18)
	at java.base/jdk.internal.reflect.DirectConstructorHandleAccessor.newInstance(DirectConstructorHandleAccessor.java:62)
	at java.base/java.lang.reflect.Constructor.newInstanceWithCaller(Constructor.java:502)
	at java.base/java.lang.reflect.Constructor.newInstance(Constructor.java:486)
	at org.picocontainer.injectors.AbstractInjector.newInstance(AbstractInjector.java:145)
	at org.picocontainer.injectors.ConstructorInjector$1.run(ConstructorInjector.java:342)
	at org.picocontainer.injectors.AbstractInjector$ThreadLocalCyclicDependencyGuard.observe(AbstractInjector.java:270)
	at org.picocontainer.injectors.ConstructorInjector.getComponentInstance(ConstructorInjector.java:364)
	at org.picocontainer.injectors.AbstractInjectionFactory$LifecycleAdapter.getComponentInstance(AbstractInjectionFactory.java:56)
	at org.picocontainer.behaviors.AbstractBehavior.getComponentInstance(AbstractBehavior.java:64)
	at org.picocontainer.behaviors.Stored.getComponentInstance(Stored.java:91)
	at org.picocontainer.DefaultPicoContainer.getInstance(DefaultPicoContainer.java:699)
	at org.picocontainer.DefaultPicoContainer.getComponent(DefaultPicoContainer.java:647)
	at org.picocontainer.DefaultPicoContainer.getComponent(DefaultPicoContainer.java:632)
	at org.picocontainer.parameters.BasicComponentParameter$1.resolveInstance(BasicComponentParameter.java:118)
	at org.picocontainer.parameters.ComponentParameter$1.resolveInstance(ComponentParameter.java:136)
	at org.picocontainer.injectors.SingleMemberInjector.getParameter(SingleMemberInjector.java:78)
	at org.picocontainer.injectors.ConstructorInjector$CtorAndAdapters.getParameterArguments(ConstructorInjector.java:309)
	at org.picocontainer.injectors.ConstructorInjector$1.run(ConstructorInjector.java:335)
	at org.picocontainer.injectors.AbstractInjector$ThreadLocalCyclicDependencyGuard.observe(AbstractInjector.java:270)
	at org.picocontainer.injectors.ConstructorInjector.getComponentInstance(ConstructorInjector.java:364)
	at org.picocontainer.injectors.AbstractInjectionFactory$LifecycleAdapter.getComponentInstance(AbstractInjectionFactory.java:56)
	at org.picocontainer.behaviors.AbstractBehavior.getComponentInstance(AbstractBehavior.java:64)
	at org.picocontainer.behaviors.Stored.getComponentInstance(Stored.java:91)
	at org.picocontainer.DefaultPicoContainer.getInstance(DefaultPicoContainer.java:699)
	at org.picocontainer.DefaultPicoContainer.getComponent(DefaultPicoContainer.java:647)
	at org.picocontainer.DefaultPicoContainer.getComponent(DefaultPicoContainer.java:678)
	at io.cucumber.picocontainer.PicoFactory.getInstance(PicoFactory.java:64)
	at io.cucumber.java.AbstractGlueDefinition.invokeMethod(AbstractGlueDefinition.java:47)
	at io.cucumber.java.JavaStepDefinition.execute(JavaStepDefinition.java:29)
	at io.cucumber.core.runner.CoreStepDefinition.execute(CoreStepDefinition.java:66)
	at io.cucumber.core.runner.PickleStepDefinitionMatch.runStep(PickleStepDefinitionMatch.java:62)
	at io.cucumber.core.runner.ExecutionMode$1.execute(ExecutionMode.java:10)
	at io.cucumber.core.runner.TestStep.executeStep(TestStep.java:81)
	at io.cucumber.core.runner.TestStep.run(TestStep.java:53)
	at io.cucumber.core.runner.PickleStepTestStep.run(PickleStepTestStep.java:51)
	at io.cucumber.core.runner.TestCase.run(TestCase.java:86)
	at io.cucumber.core.runner.Runner.runPickle(Runner.java:77)
	at io.cucumber.testng.TestNGCucumberRunner.lambda$runScenario$1(TestNGCucumberRunner.java:135)
	at io.cucumber.core.runtime.CucumberExecutionContext.lambda$runTestCase$5(CucumberExecutionContext.java:136)
	at io.cucumber.core.runtime.RethrowingThrowableCollector.executeAndThrow(RethrowingThrowableCollector.java:23)
	at io.cucumber.core.runtime.CucumberExecutionContext.runTestCase(CucumberExecutionContext.java:136)
	at io.cucumber.testng.TestNGCucumberRunner.runScenario(TestNGCucumberRunner.java:132)
	at io.cucumber.testng.AbstractTestNGCucumberTests.runScenario(AbstractTestNGCucumberTests.java:35)
	at java.base/jdk.internal.reflect.DirectMethodHandleAccessor.invoke(DirectMethodHandleAccessor.java:103)
	at java.base/java.lang.reflect.Method.invoke(Method.java:580)
	at org.testng.internal.invokers.MethodInvocationHelper.invokeMethod(MethodInvocationHelper.java:141)
	at org.testng.internal.invokers.TestInvoker.invokeMethod(TestInvoker.java:687)
	at org.testng.internal.invokers.TestInvoker.invokeTestMethod(TestInvoker.java:230)
	at org.testng.internal.invokers.TestMethodWithDataProviderMethodWorker.call(TestMethodWithDataProviderMethodWorker.java:81)
	at org.testng.internal.thread.Async$AsyncTask.run(Async.java:34)
	at java.base/java.util.concurrent.ThreadPoolExecutor.runWorker(ThreadPoolExecutor.java:1144)
	at java.base/java.util.concurrent.ThreadPoolExecutor$Worker.run(ThreadPoolExecutor.java:642)
	at java.base/java.lang.Thread.run(Thread.java:1583)
]]></failure>
    <system-out><![CDATA[
@OffersPage @TC3
Scenario Outline: Search experience for product search in both home and Offer Page # src/test/java/features/searchProduct.feature:14

@OffersPage @TC3
Scenario Outline: Search experience for product search in both home and Offer Page # src/test/java/features/searchProduct.feature:15

@OffersPage @TC3
Scenario Outline: Search experience for product search in both home and Offer Page # src/test/java/features/searchProduct.feature:13
  Given User is on Grrenkart Landing Page                                          # stepDefinitions.LandingPageStepDefinitions.user_is_on_grrenkart_landing_page()
      org.openqa.selenium.SessionNotCreatedException: Could not start a new session. Response code 500. Message: session not created: This version of Microsoft Edge WebDriver only supports Microsoft Edge version 135
      Current browser version is 139.0.3405.111 with binary path C:\Program Files (x86)\Microsoft\Edge\Application\msedge.exe 
      Host info: host: 'NIRMAL-RAWAT', ip: '192.168.0.117'
      Build info: version: '4.31.0', revision: '1ef9f18787*'
      System info: os.name: 'Windows 11', os.arch: 'amd64', os.version: '10.0', java.version: '21.0.2'
      Driver info: org.openqa.selenium.edge.EdgeDriver
      Command: [null, newSession {capabilities=[Capabilities {browserName: MicrosoftEdge, ms:edgeOptions: {args: [], binary: C:\Program Files (x86)\Micr..., extensions: []}}]}]
      	at org.openqa.selenium.remote.ProtocolHandshake.createSession(ProtocolHandshake.java:114)
      	at org.openqa.selenium.remote.ProtocolHandshake.createSession(ProtocolHandshake.java:75)
      	at org.openqa.selenium.remote.ProtocolHandshake.createSession(ProtocolHandshake.java:61)
      	at org.openqa.selenium.remote.HttpCommandExecutor.execute(HttpCommandExecutor.java:187)
      	at org.openqa.selenium.remote.service.DriverCommandExecutor.invokeExecute(DriverCommandExecutor.java:216)
      	at org.openqa.selenium.remote.service.DriverCommandExecutor.execute(DriverCommandExecutor.java:174)
      	at org.openqa.selenium.remote.RemoteWebDriver.execute(RemoteWebDriver.java:545)
      	at org.openqa.selenium.remote.RemoteWebDriver.startSession(RemoteWebDriver.java:245)
      	at org.openqa.selenium.remote.RemoteWebDriver.<init>(RemoteWebDriver.java:174)
      	at org.openqa.selenium.chromium.ChromiumDriver.<init>(ChromiumDriver.java:110)
      	at org.openqa.selenium.edge.EdgeDriver.<init>(EdgeDriver.java:60)
      	at org.openqa.selenium.edge.EdgeDriver.<init>(EdgeDriver.java:56)
      	at org.openqa.selenium.edge.EdgeDriver.<init>(EdgeDriver.java:48)
      	at org.openqa.selenium.edge.EdgeDriver.<init>(EdgeDriver.java:44)
      	at utils.TestBase.webDriverManager(TestBase.java:57)
      	at utils.TestContextSetup.<init>(TestContextSetup.java:18)
      	at java.base/jdk.internal.reflect.DirectConstructorHandleAccessor.newInstance(DirectConstructorHandleAccessor.java:62)
      	at java.base/java.lang.reflect.Constructor.newInstanceWithCaller(Constructor.java:502)
      	at java.base/java.lang.reflect.Constructor.newInstance(Constructor.java:486)
      	at org.picocontainer.injectors.AbstractInjector.newInstance(AbstractInjector.java:145)
      	at org.picocontainer.injectors.ConstructorInjector$1.run(ConstructorInjector.java:342)
      	at org.picocontainer.injectors.AbstractInjector$ThreadLocalCyclicDependencyGuard.observe(AbstractInjector.java:270)
      	at org.picocontainer.injectors.ConstructorInjector.getComponentInstance(ConstructorInjector.java:364)
      	at org.picocontainer.injectors.AbstractInjectionFactory$LifecycleAdapter.getComponentInstance(AbstractInjectionFactory.java:56)
      	at org.picocontainer.behaviors.AbstractBehavior.getComponentInstance(AbstractBehavior.java:64)
      	at org.picocontainer.behaviors.Stored.getComponentInstance(Stored.java:91)
      	at org.picocontainer.DefaultPicoContainer.getInstance(DefaultPicoContainer.java:699)
      	at org.picocontainer.DefaultPicoContainer.getComponent(DefaultPicoContainer.java:647)
      	at org.picocontainer.DefaultPicoContainer.getComponent(DefaultPicoContainer.java:632)
      	at org.picocontainer.parameters.BasicComponentParameter$1.resolveInstance(BasicComponentParameter.java:118)
      	at org.picocontainer.parameters.ComponentParameter$1.resolveInstance(ComponentParameter.java:136)
      	at org.picocontainer.injectors.SingleMemberInjector.getParameter(SingleMemberInjector.java:78)
      	at org.picocontainer.injectors.ConstructorInjector$CtorAndAdapters.getParameterArguments(ConstructorInjector.java:309)
      	at org.picocontainer.injectors.ConstructorInjector$1.run(ConstructorInjector.java:335)
      	at org.picocontainer.injectors.AbstractInjector$ThreadLocalCyclicDependencyGuard.observe(AbstractInjector.java:270)
      	at org.picocontainer.injectors.ConstructorInjector.getComponentInstance(ConstructorInjector.java:364)
      	at org.picocontainer.injectors.AbstractInjectionFactory$LifecycleAdapter.getComponentInstance(AbstractInjectionFactory.java:56)
      	at org.picocontainer.behaviors.AbstractBehavior.getComponentInstance(AbstractBehavior.java:64)
      	at org.picocontainer.behaviors.Stored.getComponentInstance(Stored.java:91)
      	at org.picocontainer.DefaultPicoContainer.getInstance(DefaultPicoContainer.java:699)
      	at org.picocontainer.DefaultPicoContainer.getComponent(DefaultPicoContainer.java:647)
      	at org.picocontainer.DefaultPicoContainer.getComponent(DefaultPicoContainer.java:678)
      	at io.cucumber.picocontainer.PicoFactory.getInstance(PicoFactory.java:64)
      	at io.cucumber.java.AbstractGlueDefinition.invokeMethod(AbstractGlueDefinition.java:47)
      	at io.cucumber.java.JavaStepDefinition.execute(JavaStepDefinition.java:29)
      	at io.cucumber.core.runner.CoreStepDefinition.execute(CoreStepDefinition.java:66)
      	at io.cucumber.core.runner.PickleStepDefinitionMatch.runStep(PickleStepDefinitionMatch.java:62)
      	at io.cucumber.core.runner.ExecutionMode$1.execute(ExecutionMode.java:10)
      	at io.cucumber.core.runner.TestStep.executeStep(TestStep.java:81)
      	at io.cucumber.core.runner.TestStep.run(TestStep.java:53)
      	at io.cucumber.core.runner.PickleStepTestStep.run(PickleStepTestStep.java:51)
      	at io.cucumber.core.runner.TestCase.run(TestCase.java:86)
      	at io.cucumber.core.runner.Runner.runPickle(Runner.java:77)
      	at io.cucumber.testng.TestNGCucumberRunner.lambda$runScenario$1(TestNGCucumberRunner.java:135)
      	at io.cucumber.core.runtime.CucumberExecutionContext.lambda$runTestCase$5(CucumberExecutionContext.java:136)
      	at io.cucumber.core.runtime.RethrowingThrowableCollector.executeAndThrow(RethrowingThrowableCollector.java:23)
      	at io.cucumber.core.runtime.CucumberExecutionContext.runTestCase(CucumberExecutionContext.java:136)
      	at io.cucumber.testng.TestNGCucumberRunner.runScenario(TestNGCucumberRunner.java:132)
      	at io.cucumber.testng.AbstractTestNGCucumberTests.runScenario(AbstractTestNGCucumberTests.java:35)
      	at java.base/jdk.internal.reflect.DirectMethodHandleAccessor.invoke(DirectMethodHandleAccessor.java:103)
      	at java.base/java.lang.reflect.Method.invoke(Method.java:580)
      	at org.testng.internal.invokers.MethodInvocationHelper.invokeMethod(MethodInvocationHelper.java:141)
      	at org.testng.internal.invokers.TestInvoker.invokeMethod(TestInvoker.java:687)
      	at org.testng.internal.invokers.TestInvoker.invokeTestMethod(TestInvoker.java:230)
      	at org.testng.internal.invokers.TestMethodWithDataProviderMethodWorker.call(TestMethodWithDataProviderMethodWorker.java:81)
      	at org.testng.internal.thread.Async$AsyncTask.run(Async.java:34)
      	at java.base/java.util.concurrent.ThreadPoolExecutor.runWorker(ThreadPoolExecutor.java:1144)
      	at java.base/java.util.concurrent.ThreadPoolExecutor$Worker.run(ThreadPoolExecutor.java:642)
      	at java.base/java.lang.Thread.run(Thread.java:1583)
  Given User is on Grrenkart Landing Page                                          # stepDefinitions.LandingPageStepDefinitions.user_is_on_grrenkart_landing_page()
      org.openqa.selenium.SessionNotCreatedException: Could not start a new session. Response code 500. Message: session not created: This version of Microsoft Edge WebDriver only supports Microsoft Edge version 135
      Current browser version is 139.0.3405.111 with binary path C:\Program Files (x86)\Microsoft\Edge\Application\msedge.exe 
      Host info: host: 'NIRMAL-RAWAT', ip: '192.168.0.117'
      Build info: version: '4.31.0', revision: '1ef9f18787*'
      System info: os.name: 'Windows 11', os.arch: 'amd64', os.version: '10.0', java.version: '21.0.2'
      Driver info: org.openqa.selenium.edge.EdgeDriver
      Command: [null, newSession {capabilities=[Capabilities {browserName: MicrosoftEdge, ms:edgeOptions: {args: [], binary: C:\Program Files (x86)\Micr..., extensions: []}}]}]
      	at org.openqa.selenium.remote.ProtocolHandshake.createSession(ProtocolHandshake.java:114)
      	at org.openqa.selenium.remote.ProtocolHandshake.createSession(ProtocolHandshake.java:75)
      	at org.openqa.selenium.remote.ProtocolHandshake.createSession(ProtocolHandshake.java:61)
      	at org.openqa.selenium.remote.HttpCommandExecutor.execute(HttpCommandExecutor.java:187)
      	at org.openqa.selenium.remote.service.DriverCommandExecutor.invokeExecute(DriverCommandExecutor.java:216)
      	at org.openqa.selenium.remote.service.DriverCommandExecutor.execute(DriverCommandExecutor.java:174)
      	at org.openqa.selenium.remote.RemoteWebDriver.execute(RemoteWebDriver.java:545)
      	at org.openqa.selenium.remote.RemoteWebDriver.startSession(RemoteWebDriver.java:245)
      	at org.openqa.selenium.remote.RemoteWebDriver.<init>(RemoteWebDriver.java:174)
      	at org.openqa.selenium.chromium.ChromiumDriver.<init>(ChromiumDriver.java:110)
      	at org.openqa.selenium.edge.EdgeDriver.<init>(EdgeDriver.java:60)
      	at org.openqa.selenium.edge.EdgeDriver.<init>(EdgeDriver.java:56)
      	at org.openqa.selenium.edge.EdgeDriver.<init>(EdgeDriver.java:48)
      	at org.openqa.selenium.edge.EdgeDriver.<init>(EdgeDriver.java:44)
      	at utils.TestBase.webDriverManager(TestBase.java:57)
      	at utils.TestContextSetup.<init>(TestContextSetup.java:18)
      	at java.base/jdk.internal.reflect.DirectConstructorHandleAccessor.newInstance(DirectConstructorHandleAccessor.java:62)
      	at java.base/java.lang.reflect.Constructor.newInstanceWithCaller(Constructor.java:502)
      	at java.base/java.lang.reflect.Constructor.newInstance(Constructor.java:486)
      	at org.picocontainer.injectors.AbstractInjector.newInstance(AbstractInjector.java:145)
      	at org.picocontainer.injectors.ConstructorInjector$1.run(ConstructorInjector.java:342)
      	at org.picocontainer.injectors.AbstractInjector$ThreadLocalCyclicDependencyGuard.observe(AbstractInjector.java:270)
      	at org.picocontainer.injectors.ConstructorInjector.getComponentInstance(ConstructorInjector.java:364)
      	at org.picocontainer.injectors.AbstractInjectionFactory$LifecycleAdapter.getComponentInstance(AbstractInjectionFactory.java:56)
      	at org.picocontainer.behaviors.AbstractBehavior.getComponentInstance(AbstractBehavior.java:64)
      	at org.picocontainer.behaviors.Stored.getComponentInstance(Stored.java:91)
      	at org.picocontainer.DefaultPicoContainer.getInstance(DefaultPicoContainer.java:699)
      	at org.picocontainer.DefaultPicoContainer.getComponent(DefaultPicoContainer.java:647)
      	at org.picocontainer.DefaultPicoContainer.getComponent(DefaultPicoContainer.java:632)
      	at org.picocontainer.parameters.BasicComponentParameter$1.resolveInstance(BasicComponentParameter.java:118)
      	at org.picocontainer.parameters.ComponentParameter$1.resolveInstance(ComponentParameter.java:136)
      	at org.picocontainer.injectors.SingleMemberInjector.getParameter(SingleMemberInjector.java:78)
      	at org.picocontainer.injectors.ConstructorInjector$CtorAndAdapters.getParameterArguments(ConstructorInjector.java:309)
      	at org.picocontainer.injectors.ConstructorInjector$1.run(ConstructorInjector.java:335)
      	at org.picocontainer.injectors.AbstractInjector$ThreadLocalCyclicDependencyGuard.observe(AbstractInjector.java:270)
      	at org.picocontainer.injectors.ConstructorInjector.getComponentInstance(ConstructorInjector.java:364)
      	at org.picocontainer.injectors.AbstractInjectionFactory$LifecycleAdapter.getComponentInstance(AbstractInjectionFactory.java:56)
      	at org.picocontainer.behaviors.AbstractBehavior.getComponentInstance(AbstractBehavior.java:64)
      	at org.picocontainer.behaviors.Stored.getComponentInstance(Stored.java:91)
      	at org.picocontainer.DefaultPicoContainer.getInstance(DefaultPicoContainer.java:699)
      	at org.picocontainer.DefaultPicoContainer.getComponent(DefaultPicoContainer.java:647)
      	at org.picocontainer.DefaultPicoContainer.getComponent(DefaultPicoContainer.java:678)
      	at io.cucumber.picocontainer.PicoFactory.getInstance(PicoFactory.java:64)
      	at io.cucumber.java.AbstractGlueDefinition.invokeMethod(AbstractGlueDefinition.java:47)
      	at io.cucumber.java.JavaStepDefinition.execute(JavaStepDefinition.java:29)
      	at io.cucumber.core.runner.CoreStepDefinition.execute(CoreStepDefinition.java:66)
      	at io.cucumber.core.runner.PickleStepDefinitionMatch.runStep(PickleStepDefinitionMatch.java:62)
      	at io.cucumber.core.runner.ExecutionMode$1.execute(ExecutionMode.java:10)
      	at io.cucumber.core.runner.TestStep.executeStep(TestStep.java:81)
      	at io.cucumber.core.runner.TestStep.run(TestStep.java:53)
      	at io.cucumber.core.runner.PickleStepTestStep.run(PickleStepTestStep.java:51)
      	at io.cucumber.core.runner.TestCase.run(TestCase.java:86)
      	at io.cucumber.core.runner.Runner.runPickle(Runner.java:77)
      	at io.cucumber.testng.TestNGCucumberRunner.lambda$runScenario$1(TestNGCucumberRunner.java:135)
      	at io.cucumber.core.runtime.CucumberExecutionContext.lambda$runTestCase$5(CucumberExecutionContext.java:136)
      	at io.cucumber.core.runtime.RethrowingThrowableCollector.executeAndThrow(RethrowingThrowableCollector.java:23)
      	at io.cucumber.core.runtime.CucumberExecutionContext.runTestCase(CucumberExecutionContext.java:136)
      	at io.cucumber.testng.TestNGCucumberRunner.runScenario(TestNGCucumberRunner.java:132)
      	at io.cucumber.testng.AbstractTestNGCucumberTests.runScenario(AbstractTestNGCucumberTests.java:35)
      	at java.base/jdk.internal.reflect.DirectMethodHandleAccessor.invoke(DirectMethodHandleAccessor.java:103)
      	at java.base/java.lang.reflect.Method.invoke(Method.java:580)
      	at org.testng.internal.invokers.MethodInvocationHelper.invokeMethod(MethodInvocationHelper.java:141)
      	at org.testng.internal.invokers.TestInvoker.invokeMethod(TestInvoker.java:687)
      	at org.testng.internal.invokers.TestInvoker.invokeTestMethod(TestInvoker.java:230)
      	at org.testng.internal.invokers.TestMethodWithDataProviderMethodWorker.call(TestMethodWithDataProviderMethodWorker.java:81)
      	at org.testng.internal.thread.Async$AsyncTask.run(Async.java:34)
      	at java.base/java.util.concurrent.ThreadPoolExecutor.runWorker(ThreadPoolExecutor.java:1144)
      	at java.base/java.util.concurrent.ThreadPoolExecutor$Worker.run(ThreadPoolExecutor.java:642)
      	at java.base/java.lang.Thread.run(Thread.java:1583)
  Given User is on Grrenkart Landing Page                                          # stepDefinitions.LandingPageStepDefinitions.user_is_on_grrenkart_landing_page()
      org.openqa.selenium.SessionNotCreatedException: Could not start a new session. Response code 500. Message: session not created: This version of Microsoft Edge WebDriver only supports Microsoft Edge version 135
      Current browser version is 139.0.3405.111 with binary path C:\Program Files (x86)\Microsoft\Edge\Application\msedge.exe 
      Host info: host: 'NIRMAL-RAWAT', ip: '192.168.0.117'
      Build info: version: '4.31.0', revision: '1ef9f18787*'
      System info: os.name: 'Windows 11', os.arch: 'amd64', os.version: '10.0', java.version: '21.0.2'
      Driver info: org.openqa.selenium.edge.EdgeDriver
      Command: [null, newSession {capabilities=[Capabilities {browserName: MicrosoftEdge, ms:edgeOptions: {args: [], binary: C:\Program Files (x86)\Micr..., extensions: []}}]}]
      	at org.openqa.selenium.remote.ProtocolHandshake.createSession(ProtocolHandshake.java:114)
      	at org.openqa.selenium.remote.ProtocolHandshake.createSession(ProtocolHandshake.java:75)
      	at org.openqa.selenium.remote.ProtocolHandshake.createSession(ProtocolHandshake.java:61)
      	at org.openqa.selenium.remote.HttpCommandExecutor.execute(HttpCommandExecutor.java:187)
      	at org.openqa.selenium.remote.service.DriverCommandExecutor.invokeExecute(DriverCommandExecutor.java:216)
      	at org.openqa.selenium.remote.service.DriverCommandExecutor.execute(DriverCommandExecutor.java:174)
      	at org.openqa.selenium.remote.RemoteWebDriver.execute(RemoteWebDriver.java:545)
      	at org.openqa.selenium.remote.RemoteWebDriver.startSession(RemoteWebDriver.java:245)
      	at org.openqa.selenium.remote.RemoteWebDriver.<init>(RemoteWebDriver.java:174)
      	at org.openqa.selenium.chromium.ChromiumDriver.<init>(ChromiumDriver.java:110)
      	at org.openqa.selenium.edge.EdgeDriver.<init>(EdgeDriver.java:60)
      	at org.openqa.selenium.edge.EdgeDriver.<init>(EdgeDriver.java:56)
      	at org.openqa.selenium.edge.EdgeDriver.<init>(EdgeDriver.java:48)
      	at org.openqa.selenium.edge.EdgeDriver.<init>(EdgeDriver.java:44)
      	at utils.TestBase.webDriverManager(TestBase.java:57)
      	at utils.TestContextSetup.<init>(TestContextSetup.java:18)
      	at java.base/jdk.internal.reflect.DirectConstructorHandleAccessor.newInstance(DirectConstructorHandleAccessor.java:62)
      	at java.base/java.lang.reflect.Constructor.newInstanceWithCaller(Constructor.java:502)
      	at java.base/java.lang.reflect.Constructor.newInstance(Constructor.java:486)
      	at org.picocontainer.injectors.AbstractInjector.newInstance(AbstractInjector.java:145)
      	at org.picocontainer.injectors.ConstructorInjector$1.run(ConstructorInjector.java:342)
      	at org.picocontainer.injectors.AbstractInjector$ThreadLocalCyclicDependencyGuard.observe(AbstractInjector.java:270)
      	at org.picocontainer.injectors.ConstructorInjector.getComponentInstance(ConstructorInjector.java:364)
      	at org.picocontainer.injectors.AbstractInjectionFactory$LifecycleAdapter.getComponentInstance(AbstractInjectionFactory.java:56)
      	at org.picocontainer.behaviors.AbstractBehavior.getComponentInstance(AbstractBehavior.java:64)
      	at org.picocontainer.behaviors.Stored.getComponentInstance(Stored.java:91)
      	at org.picocontainer.DefaultPicoContainer.getInstance(DefaultPicoContainer.java:699)
      	at org.picocontainer.DefaultPicoContainer.getComponent(DefaultPicoContainer.java:647)
      	at org.picocontainer.DefaultPicoContainer.getComponent(DefaultPicoContainer.java:632)
      	at org.picocontainer.parameters.BasicComponentParameter$1.resolveInstance(BasicComponentParameter.java:118)
      	at org.picocontainer.parameters.ComponentParameter$1.resolveInstance(ComponentParameter.java:136)
      	at org.picocontainer.injectors.SingleMemberInjector.getParameter(SingleMemberInjector.java:78)
      	at org.picocontainer.injectors.ConstructorInjector$CtorAndAdapters.getParameterArguments(ConstructorInjector.java:309)
      	at org.picocontainer.injectors.ConstructorInjector$1.run(ConstructorInjector.java:335)
      	at org.picocontainer.injectors.AbstractInjector$ThreadLocalCyclicDependencyGuard.observe(AbstractInjector.java:270)
      	at org.picocontainer.injectors.ConstructorInjector.getComponentInstance(ConstructorInjector.java:364)
      	at org.picocontainer.injectors.AbstractInjectionFactory$LifecycleAdapter.getComponentInstance(AbstractInjectionFactory.java:56)
      	at org.picocontainer.behaviors.AbstractBehavior.getComponentInstance(AbstractBehavior.java:64)
      	at org.picocontainer.behaviors.Stored.getComponentInstance(Stored.java:91)
      	at org.picocontainer.DefaultPicoContainer.getInstance(DefaultPicoContainer.java:699)
      	at org.picocontainer.DefaultPicoContainer.getComponent(DefaultPicoContainer.java:647)
      	at org.picocontainer.DefaultPicoContainer.getComponent(DefaultPicoContainer.java:678)
      	at io.cucumber.picocontainer.PicoFactory.getInstance(PicoFactory.java:64)
      	at io.cucumber.java.AbstractGlueDefinition.invokeMethod(AbstractGlueDefinition.java:47)
      	at io.cucumber.java.JavaStepDefinition.execute(JavaStepDefinition.java:29)
      	at io.cucumber.core.runner.CoreStepDefinition.execute(CoreStepDefinition.java:66)
      	at io.cucumber.core.runner.PickleStepDefinitionMatch.runStep(PickleStepDefinitionMatch.java:62)
      	at io.cucumber.core.runner.ExecutionMode$1.execute(ExecutionMode.java:10)
      	at io.cucumber.core.runner.TestStep.executeStep(TestStep.java:81)
      	at io.cucumber.core.runner.TestStep.run(TestStep.java:53)
      	at io.cucumber.core.runner.PickleStepTestStep.run(PickleStepTestStep.java:51)
      	at io.cucumber.core.runner.TestCase.run(TestCase.java:86)
      	at io.cucumber.core.runner.Runner.runPickle(Runner.java:77)
      	at io.cucumber.testng.TestNGCucumberRunner.lambda$runScenario$1(TestNGCucumberRunner.java:135)
      	at io.cucumber.core.runtime.CucumberExecutionContext.lambda$runTestCase$5(CucumberExecutionContext.java:136)
      	at io.cucumber.core.runtime.RethrowingThrowableCollector.executeAndThrow(RethrowingThrowableCollector.java:23)
      	at io.cucumber.core.runtime.CucumberExecutionContext.runTestCase(CucumberExecutionContext.java:136)
      	at io.cucumber.testng.TestNGCucumberRunner.runScenario(TestNGCucumberRunner.java:132)
      	at io.cucumber.testng.AbstractTestNGCucumberTests.runScenario(AbstractTestNGCucumberTests.java:35)
      	at java.base/jdk.internal.reflect.DirectMethodHandleAccessor.invoke(DirectMethodHandleAccessor.java:103)
      	at java.base/java.lang.reflect.Method.invoke(Method.java:580)
      	at org.testng.internal.invokers.MethodInvocationHelper.invokeMethod(MethodInvocationHelper.java:141)
      	at org.testng.internal.invokers.TestInvoker.invokeMethod(TestInvoker.java:687)
      	at org.testng.internal.invokers.TestInvoker.invokeTestMethod(TestInvoker.java:230)
      	at org.testng.internal.invokers.TestMethodWithDataProviderMethodWorker.call(TestMethodWithDataProviderMethodWorker.java:81)
      	at org.testng.internal.thread.Async$AsyncTask.run(Async.java:34)
      	at java.base/java.util.concurrent.ThreadPoolExecutor.runWorker(ThreadPoolExecutor.java:1144)
      	at java.base/java.util.concurrent.ThreadPoolExecutor$Worker.run(ThreadPoolExecutor.java:642)
      	at java.base/java.lang.Thread.run(Thread.java:1583)
      org.openqa.selenium.SessionNotCreatedException: Could not start a new session. Response code 500. Message: session not created: This version of Microsoft Edge WebDriver only supports Microsoft Edge version 135
      Current browser version is 139.0.3405.111 with binary path C:\Program Files (x86)\Microsoft\Edge\Application\msedge.exe 
      Host info: host: 'NIRMAL-RAWAT', ip: '192.168.0.117'
      Build info: version: '4.31.0', revision: '1ef9f18787*'
      System info: os.name: 'Windows 11', os.arch: 'amd64', os.version: '10.0', java.version: '21.0.2'
      Driver info: org.openqa.selenium.edge.EdgeDriver
      Command: [null, newSession {capabilities=[Capabilities {browserName: MicrosoftEdge, ms:edgeOptions: {args: [], binary: C:\Program Files (x86)\Micr..., extensions: []}}]}]
      	at org.openqa.selenium.remote.ProtocolHandshake.createSession(ProtocolHandshake.java:114)
      	at org.openqa.selenium.remote.ProtocolHandshake.createSession(ProtocolHandshake.java:75)
      	at org.openqa.selenium.remote.ProtocolHandshake.createSession(ProtocolHandshake.java:61)
      	at org.openqa.selenium.remote.HttpCommandExecutor.execute(HttpCommandExecutor.java:187)
      	at org.openqa.selenium.remote.service.DriverCommandExecutor.invokeExecute(DriverCommandExecutor.java:216)
      	at org.openqa.selenium.remote.service.DriverCommandExecutor.execute(DriverCommandExecutor.java:174)
      	at org.openqa.selenium.remote.RemoteWebDriver.execute(RemoteWebDriver.java:545)
      	at org.openqa.selenium.remote.RemoteWebDriver.startSession(RemoteWebDriver.java:245)
      	at org.openqa.selenium.remote.RemoteWebDriver.<init>(RemoteWebDriver.java:174)
      	at org.openqa.selenium.chromium.ChromiumDriver.<init>(ChromiumDriver.java:110)
      	at org.openqa.selenium.edge.EdgeDriver.<init>(EdgeDriver.java:60)
      	at org.openqa.selenium.edge.EdgeDriver.<init>(EdgeDriver.java:56)
      	at org.openqa.selenium.edge.EdgeDriver.<init>(EdgeDriver.java:48)
      	at org.openqa.selenium.edge.EdgeDriver.<init>(EdgeDriver.java:44)
      	at utils.TestBase.webDriverManager(TestBase.java:57)
      	at utils.TestContextSetup.<init>(TestContextSetup.java:18)
      	at java.base/jdk.internal.reflect.DirectConstructorHandleAccessor.newInstance(DirectConstructorHandleAccessor.java:62)
      	at java.base/java.lang.reflect.Constructor.newInstanceWithCaller(Constructor.java:502)
      	at java.base/java.lang.reflect.Constructor.newInstance(Constructor.java:486)
      	at org.picocontainer.injectors.AbstractInjector.newInstance(AbstractInjector.java:145)
      	at org.picocontainer.injectors.ConstructorInjector$1.run(ConstructorInjector.java:342)
      	at org.picocontainer.injectors.AbstractInjector$ThreadLocalCyclicDependencyGuard.observe(AbstractInjector.java:270)
      	at org.picocontainer.injectors.ConstructorInjector.getComponentInstance(ConstructorInjector.java:364)
      	at org.picocontainer.injectors.AbstractInjectionFactory$LifecycleAdapter.getComponentInstance(AbstractInjectionFactory.java:56)
      	at org.picocontainer.behaviors.AbstractBehavior.getComponentInstance(AbstractBehavior.java:64)
      	at org.picocontainer.behaviors.Stored.getComponentInstance(Stored.java:91)
      	at org.picocontainer.DefaultPicoContainer.getInstance(DefaultPicoContainer.java:699)
      	at org.picocontainer.DefaultPicoContainer.getComponent(DefaultPicoContainer.java:647)
      	at org.picocontainer.DefaultPicoContainer.getComponent(DefaultPicoContainer.java:632)
      	at org.picocontainer.parameters.BasicComponentParameter$1.resolveInstance(BasicComponentParameter.java:118)
      	at org.picocontainer.parameters.ComponentParameter$1.resolveInstance(ComponentParameter.java:136)
      	at org.picocontainer.injectors.SingleMemberInjector.getParameter(SingleMemberInjector.java:78)
      	at org.picocontainer.injectors.ConstructorInjector$CtorAndAdapters.getParameterArguments(ConstructorInjector.java:309)
      	at org.picocontainer.injectors.ConstructorInjector$1.run(ConstructorInjector.java:335)
      	at org.picocontainer.injectors.AbstractInjector$ThreadLocalCyclicDependencyGuard.observe(AbstractInjector.java:270)
      	at org.picocontainer.injectors.ConstructorInjector.getComponentInstance(ConstructorInjector.java:364)
      	at org.picocontainer.injectors.AbstractInjectionFactory$LifecycleAdapter.getComponentInstance(AbstractInjectionFactory.java:56)
      	at org.picocontainer.behaviors.AbstractBehavior.getComponentInstance(AbstractBehavior.java:64)
      	at org.picocontainer.behaviors.Stored.getComponentInstance(Stored.java:91)
      	at org.picocontainer.DefaultPicoContainer.getInstance(DefaultPicoContainer.java:699)
      	at org.picocontainer.DefaultPicoContainer.getComponent(DefaultPicoContainer.java:647)
      	at org.picocontainer.DefaultPicoContainer.getComponent(DefaultPicoContainer.java:678)
      	at io.cucumber.picocontainer.PicoFactory.getInstance(PicoFactory.java:64)
      	at io.cucumber.java.AbstractGlueDefinition.invokeMethod(AbstractGlueDefinition.java:47)
      	at io.cucumber.java.JavaHookDefinition.execute(JavaHookDefinition.java:68)
      	at io.cucumber.core.runner.CoreHookDefinition.execute(CoreHookDefinition.java:47)
      	at io.cucumber.core.runner.HookDefinitionMatch.runStep(HookDefinitionMatch.java:21)
      	at io.cucumber.core.runner.ExecutionMode$1.execute(ExecutionMode.java:10)
      	at io.cucumber.core.runner.TestStep.executeStep(TestStep.java:81)
      	at io.cucumber.core.runner.TestStep.run(TestStep.java:53)
      	at io.cucumber.core.runner.PickleStepTestStep.run(PickleStepTestStep.java:56)
      	at io.cucumber.core.runner.TestCase.run(TestCase.java:86)
      	at io.cucumber.core.runner.Runner.runPickle(Runner.java:77)
      	at io.cucumber.testng.TestNGCucumberRunner.lambda$runScenario$1(TestNGCucumberRunner.java:135)
      	at io.cucumber.core.runtime.CucumberExecutionContext.lambda$runTestCase$5(CucumberExecutionContext.java:136)
      	at io.cucumber.core.runtime.RethrowingThrowableCollector.executeAndThrow(RethrowingThrowableCollector.java:23)
      	at io.cucumber.core.runtime.CucumberExecutionContext.runTestCase(CucumberExecutionContext.java:136)
      	at io.cucumber.testng.TestNGCucumberRunner.runScenario(TestNGCucumberRunner.java:132)
      	at io.cucumber.testng.AbstractTestNGCucumberTests.runScenario(AbstractTestNGCucumberTests.java:35)
      	at java.base/jdk.internal.reflect.DirectMethodHandleAccessor.invoke(DirectMethodHandleAccessor.java:103)
      	at java.base/java.lang.reflect.Method.invoke(Method.java:580)
      	at org.testng.internal.invokers.MethodInvocationHelper.invokeMethod(MethodInvocationHelper.java:141)
      	at org.testng.internal.invokers.TestInvoker.invokeMethod(TestInvoker.java:687)
      	at org.testng.internal.invokers.TestInvoker.invokeTestMethod(TestInvoker.java:230)
      	at org.testng.internal.invokers.TestMethodWithDataProviderMethodWorker.call(TestMethodWithDataProviderMethodWorker.java:81)
      	at org.testng.internal.thread.Async$AsyncTask.run(Async.java:34)
      	at java.base/java.util.concurrent.ThreadPoolExecutor.runWorker(ThreadPoolExecutor.java:1144)
      	at java.base/java.util.concurrent.ThreadPoolExecutor$Worker.run(ThreadPoolExecutor.java:642)
      	at java.base/java.lang.Thread.run(Thread.java:1583)
  When User searches with shortname straw and extracted actual name of product     # stepDefinitions.LandingPageStepDefinitions.user_searches_with_shortname_and_extracted_actual_name_of_product(java.lang.String)
  Then User searches with same shortname straw on offers page                      # stepDefinitions.OffersPageStepDefinitions.user_searches_with_same_shortname_on_offers_page(java.lang.String)
  And validate product name in offers page matches with landing page               # stepDefinitions.OffersPageStepDefinitions.validate_product_name_in_offers_page_matches_with_landing_page()
      org.openqa.selenium.SessionNotCreatedException: Could not start a new session. Response code 500. Message: session not created: This version of Microsoft Edge WebDriver only supports Microsoft Edge version 135
      Current browser version is 139.0.3405.111 with binary path C:\Program Files (x86)\Microsoft\Edge\Application\msedge.exe 
      Host info: host: 'NIRMAL-RAWAT', ip: '192.168.0.117'
      Build info: version: '4.31.0', revision: '1ef9f18787*'
      System info: os.name: 'Windows 11', os.arch: 'amd64', os.version: '10.0', java.version: '21.0.2'
      Driver info: org.openqa.selenium.edge.EdgeDriver
      Command: [null, newSession {capabilities=[Capabilities {browserName: MicrosoftEdge, ms:edgeOptions: {args: [], binary: C:\Program Files (x86)\Micr..., extensions: []}}]}]
      	at org.openqa.selenium.remote.ProtocolHandshake.createSession(ProtocolHandshake.java:114)
      	at org.openqa.selenium.remote.ProtocolHandshake.createSession(ProtocolHandshake.java:75)
      	at org.openqa.selenium.remote.ProtocolHandshake.createSession(ProtocolHandshake.java:61)
      	at org.openqa.selenium.remote.HttpCommandExecutor.execute(HttpCommandExecutor.java:187)
      	at org.openqa.selenium.remote.service.DriverCommandExecutor.invokeExecute(DriverCommandExecutor.java:216)
      	at org.openqa.selenium.remote.service.DriverCommandExecutor.execute(DriverCommandExecutor.java:174)
      	at org.openqa.selenium.remote.RemoteWebDriver.execute(RemoteWebDriver.java:545)
      	at org.openqa.selenium.remote.RemoteWebDriver.startSession(RemoteWebDriver.java:245)
      	at org.openqa.selenium.remote.RemoteWebDriver.<init>(RemoteWebDriver.java:174)
      	at org.openqa.selenium.chromium.ChromiumDriver.<init>(ChromiumDriver.java:110)
      	at org.openqa.selenium.edge.EdgeDriver.<init>(EdgeDriver.java:60)
      	at org.openqa.selenium.edge.EdgeDriver.<init>(EdgeDriver.java:56)
      	at org.openqa.selenium.edge.EdgeDriver.<init>(EdgeDriver.java:48)
      	at org.openqa.selenium.edge.EdgeDriver.<init>(EdgeDriver.java:44)
      	at utils.TestBase.webDriverManager(TestBase.java:57)
      	at utils.TestContextSetup.<init>(TestContextSetup.java:18)
      	at java.base/jdk.internal.reflect.DirectConstructorHandleAccessor.newInstance(DirectConstructorHandleAccessor.java:62)
      	at java.base/java.lang.reflect.Constructor.newInstanceWithCaller(Constructor.java:502)
      	at java.base/java.lang.reflect.Constructor.newInstance(Constructor.java:486)
      	at org.picocontainer.injectors.AbstractInjector.newInstance(AbstractInjector.java:145)
      	at org.picocontainer.injectors.ConstructorInjector$1.run(ConstructorInjector.java:342)
      	at org.picocontainer.injectors.AbstractInjector$ThreadLocalCyclicDependencyGuard.observe(AbstractInjector.java:270)
      	at org.picocontainer.injectors.ConstructorInjector.getComponentInstance(ConstructorInjector.java:364)
      	at org.picocontainer.injectors.AbstractInjectionFactory$LifecycleAdapter.getComponentInstance(AbstractInjectionFactory.java:56)
      	at org.picocontainer.behaviors.AbstractBehavior.getComponentInstance(AbstractBehavior.java:64)
      	at org.picocontainer.behaviors.Stored.getComponentInstance(Stored.java:91)
      	at org.picocontainer.DefaultPicoContainer.getInstance(DefaultPicoContainer.java:699)
      	at org.picocontainer.DefaultPicoContainer.getComponent(DefaultPicoContainer.java:647)
      	at org.picocontainer.DefaultPicoContainer.getComponent(DefaultPicoContainer.java:632)
      	at org.picocontainer.parameters.BasicComponentParameter$1.resolveInstance(BasicComponentParameter.java:118)
      	at org.picocontainer.parameters.ComponentParameter$1.resolveInstance(ComponentParameter.java:136)
      	at org.picocontainer.injectors.SingleMemberInjector.getParameter(SingleMemberInjector.java:78)
      	at org.picocontainer.injectors.ConstructorInjector$CtorAndAdapters.getParameterArguments(ConstructorInjector.java:309)
      	at org.picocontainer.injectors.ConstructorInjector$1.run(ConstructorInjector.java:335)
      	at org.picocontainer.injectors.AbstractInjector$ThreadLocalCyclicDependencyGuard.observe(AbstractInjector.java:270)
      	at org.picocontainer.injectors.ConstructorInjector.getComponentInstance(ConstructorInjector.java:364)
      	at org.picocontainer.injectors.AbstractInjectionFactory$LifecycleAdapter.getComponentInstance(AbstractInjectionFactory.java:56)
      	at org.picocontainer.behaviors.AbstractBehavior.getComponentInstance(AbstractBehavior.java:64)
      	at org.picocontainer.behaviors.Stored.getComponentInstance(Stored.java:91)
      	at org.picocontainer.DefaultPicoContainer.getInstance(DefaultPicoContainer.java:699)
      	at org.picocontainer.DefaultPicoContainer.getComponent(DefaultPicoContainer.java:647)
      	at org.picocontainer.DefaultPicoContainer.getComponent(DefaultPicoContainer.java:678)
      	at io.cucumber.picocontainer.PicoFactory.getInstance(PicoFactory.java:64)
      	at io.cucumber.java.AbstractGlueDefinition.invokeMethod(AbstractGlueDefinition.java:47)
      	at io.cucumber.java.JavaHookDefinition.execute(JavaHookDefinition.java:68)
      	at io.cucumber.core.runner.CoreHookDefinition.execute(CoreHookDefinition.java:47)
      	at io.cucumber.core.runner.HookDefinitionMatch.runStep(HookDefinitionMatch.java:21)
      	at io.cucumber.core.runner.ExecutionMode$1.execute(ExecutionMode.java:10)
      	at io.cucumber.core.runner.TestStep.executeStep(TestStep.java:81)
      	at io.cucumber.core.runner.TestStep.run(TestStep.java:53)
      	at io.cucumber.core.runner.PickleStepTestStep.run(PickleStepTestStep.java:56)
      	at io.cucumber.core.runner.TestCase.run(TestCase.java:86)
      	at io.cucumber.core.runner.Runner.runPickle(Runner.java:77)
      	at io.cucumber.testng.TestNGCucumberRunner.lambda$runScenario$1(TestNGCucumberRunner.java:135)
      	at io.cucumber.core.runtime.CucumberExecutionContext.lambda$runTestCase$5(CucumberExecutionContext.java:136)
      	at io.cucumber.core.runtime.RethrowingThrowableCollector.executeAndThrow(RethrowingThrowableCollector.java:23)
      	at io.cucumber.core.runtime.CucumberExecutionContext.runTestCase(CucumberExecutionContext.java:136)
      	at io.cucumber.testng.TestNGCucumberRunner.runScenario(TestNGCucumberRunner.java:132)
      	at io.cucumber.testng.AbstractTestNGCucumberTests.runScenario(AbstractTestNGCucumberTests.java:35)
      	at java.base/jdk.internal.reflect.DirectMethodHandleAccessor.invoke(DirectMethodHandleAccessor.java:103)
      	at java.base/java.lang.reflect.Method.invoke(Method.java:580)
      	at org.testng.internal.invokers.MethodInvocationHelper.invokeMethod(MethodInvocationHelper.java:141)
      	at org.testng.internal.invokers.TestInvoker.invokeMethod(TestInvoker.java:687)
      	at org.testng.internal.invokers.TestInvoker.invokeTestMethod(TestInvoker.java:230)
      	at org.testng.internal.invokers.TestMethodWithDataProviderMethodWorker.call(TestMethodWithDataProviderMethodWorker.java:81)
      	at org.testng.internal.thread.Async$AsyncTask.run(Async.java:34)
      	at java.base/java.util.concurrent.ThreadPoolExecutor.runWorker(ThreadPoolExecutor.java:1144)
      	at java.base/java.util.concurrent.ThreadPoolExecutor$Worker.run(ThreadPoolExecutor.java:642)
      	at java.base/java.lang.Thread.run(Thread.java:1583)
  When User searches with shortname Tom and extracted actual name of product       # stepDefinitions.LandingPageStepDefinitions.user_searches_with_shortname_and_extracted_actual_name_of_product(java.lang.String)
      org.openqa.selenium.SessionNotCreatedException: Could not start a new session. Response code 500. Message: session not created: This version of Microsoft Edge WebDriver only supports Microsoft Edge version 135
      Current browser version is 139.0.3405.111 with binary path C:\Program Files (x86)\Microsoft\Edge\Application\msedge.exe 
      Host info: host: 'NIRMAL-RAWAT', ip: '192.168.0.117'
      Build info: version: '4.31.0', revision: '1ef9f18787*'
      System info: os.name: 'Windows 11', os.arch: 'amd64', os.version: '10.0', java.version: '21.0.2'
      Driver info: org.openqa.selenium.edge.EdgeDriver
      Command: [null, newSession {capabilities=[Capabilities {browserName: MicrosoftEdge, ms:edgeOptions: {args: [], binary: C:\Program Files (x86)\Micr..., extensions: []}}]}]
      	at org.openqa.selenium.remote.ProtocolHandshake.createSession(ProtocolHandshake.java:114)
      	at org.openqa.selenium.remote.ProtocolHandshake.createSession(ProtocolHandshake.java:75)
      	at org.openqa.selenium.remote.ProtocolHandshake.createSession(ProtocolHandshake.java:61)
      	at org.openqa.selenium.remote.HttpCommandExecutor.execute(HttpCommandExecutor.java:187)
      	at org.openqa.selenium.remote.service.DriverCommandExecutor.invokeExecute(DriverCommandExecutor.java:216)
      	at org.openqa.selenium.remote.service.DriverCommandExecutor.execute(DriverCommandExecutor.java:174)
      	at org.openqa.selenium.remote.RemoteWebDriver.execute(RemoteWebDriver.java:545)
      	at org.openqa.selenium.remote.RemoteWebDriver.startSession(RemoteWebDriver.java:245)
      	at org.openqa.selenium.remote.RemoteWebDriver.<init>(RemoteWebDriver.java:174)
      	at org.openqa.selenium.chromium.ChromiumDriver.<init>(ChromiumDriver.java:110)
      	at org.openqa.selenium.edge.EdgeDriver.<init>(EdgeDriver.java:60)
      	at org.openqa.selenium.edge.EdgeDriver.<init>(EdgeDriver.java:56)
      	at org.openqa.selenium.edge.EdgeDriver.<init>(EdgeDriver.java:48)
      	at org.openqa.selenium.edge.EdgeDriver.<init>(EdgeDriver.java:44)
      	at utils.TestBase.webDriverManager(TestBase.java:57)
      	at utils.TestContextSetup.<init>(TestContextSetup.java:18)
      	at java.base/jdk.internal.reflect.DirectConstructorHandleAccessor.newInstance(DirectConstructorHandleAccessor.java:62)
      	at java.base/java.lang.reflect.Constructor.newInstanceWithCaller(Constructor.java:502)
      	at java.base/java.lang.reflect.Constructor.newInstance(Constructor.java:486)
      	at org.picocontainer.injectors.AbstractInjector.newInstance(AbstractInjector.java:145)
      	at org.picocontainer.injectors.ConstructorInjector$1.run(ConstructorInjector.java:342)
      	at org.picocontainer.injectors.AbstractInjector$ThreadLocalCyclicDependencyGuard.observe(AbstractInjector.java:270)
      	at org.picocontainer.injectors.ConstructorInjector.getComponentInstance(ConstructorInjector.java:364)
      	at org.picocontainer.injectors.AbstractInjectionFactory$LifecycleAdapter.getComponentInstance(AbstractInjectionFactory.java:56)
      	at org.picocontainer.behaviors.AbstractBehavior.getComponentInstance(AbstractBehavior.java:64)
      	at org.picocontainer.behaviors.Stored.getComponentInstance(Stored.java:91)
      	at org.picocontainer.DefaultPicoContainer.getInstance(DefaultPicoContainer.java:699)
      	at org.picocontainer.DefaultPicoContainer.getComponent(DefaultPicoContainer.java:647)
      	at org.picocontainer.DefaultPicoContainer.getComponent(DefaultPicoContainer.java:632)
      	at org.picocontainer.parameters.BasicComponentParameter$1.resolveInstance(BasicComponentParameter.java:118)
      	at org.picocontainer.parameters.ComponentParameter$1.resolveInstance(ComponentParameter.java:136)
      	at org.picocontainer.injectors.SingleMemberInjector.getParameter(SingleMemberInjector.java:78)
      	at org.picocontainer.injectors.ConstructorInjector$CtorAndAdapters.getParameterArguments(ConstructorInjector.java:309)
      	at org.picocontainer.injectors.ConstructorInjector$1.run(ConstructorInjector.java:335)
      	at org.picocontainer.injectors.AbstractInjector$ThreadLocalCyclicDependencyGuard.observe(AbstractInjector.java:270)
      	at org.picocontainer.injectors.ConstructorInjector.getComponentInstance(ConstructorInjector.java:364)
      	at org.picocontainer.injectors.AbstractInjectionFactory$LifecycleAdapter.getComponentInstance(AbstractInjectionFactory.java:56)
      	at org.picocontainer.behaviors.AbstractBehavior.getComponentInstance(AbstractBehavior.java:64)
      	at org.picocontainer.behaviors.Stored.getComponentInstance(Stored.java:91)
      	at org.picocontainer.DefaultPicoContainer.getInstance(DefaultPicoContainer.java:699)
      	at org.picocontainer.DefaultPicoContainer.getComponent(DefaultPicoContainer.java:647)
      	at org.picocontainer.DefaultPicoContainer.getComponent(DefaultPicoContainer.java:678)
      	at io.cucumber.picocontainer.PicoFactory.getInstance(PicoFactory.java:64)
      	at io.cucumber.java.AbstractGlueDefinition.invokeMethod(AbstractGlueDefinition.java:47)
      	at io.cucumber.java.JavaHookDefinition.execute(JavaHookDefinition.java:68)
      	at io.cucumber.core.runner.CoreHookDefinition.execute(CoreHookDefinition.java:47)
      	at io.cucumber.core.runner.HookDefinitionMatch.runStep(HookDefinitionMatch.java:21)
      	at io.cucumber.core.runner.ExecutionMode$1.execute(ExecutionMode.java:10)
      	at io.cucumber.core.runner.TestStep.executeStep(TestStep.java:81)
      	at io.cucumber.core.runner.TestStep.run(TestStep.java:53)
      	at io.cucumber.core.runner.PickleStepTestStep.run(PickleStepTestStep.java:56)
      	at io.cucumber.core.runner.TestCase.run(TestCase.java:86)
      	at io.cucumber.core.runner.Runner.runPickle(Runner.java:77)
      	at io.cucumber.testng.TestNGCucumberRunner.lambda$runScenario$1(TestNGCucumberRunner.java:135)
      	at io.cucumber.core.runtime.CucumberExecutionContext.lambda$runTestCase$5(CucumberExecutionContext.java:136)
      	at io.cucumber.core.runtime.RethrowingThrowableCollector.executeAndThrow(RethrowingThrowableCollector.java:23)
      	at io.cucumber.core.runtime.CucumberExecutionContext.runTestCase(CucumberExecutionContext.java:136)
      	at io.cucumber.testng.TestNGCucumberRunner.runScenario(TestNGCucumberRunner.java:132)
      	at io.cucumber.testng.AbstractTestNGCucumberTests.runScenario(AbstractTestNGCucumberTests.java:35)
      	at java.base/jdk.internal.reflect.DirectMethodHandleAccessor.invoke(DirectMethodHandleAccessor.java:103)
      	at java.base/java.lang.reflect.Method.invoke(Method.java:580)
      	at org.testng.internal.invokers.MethodInvocationHelper.invokeMethod(MethodInvocationHelper.java:141)
      	at org.testng.internal.invokers.TestInvoker.invokeMethod(TestInvoker.java:687)
      	at org.testng.internal.invokers.TestInvoker.invokeTestMethod(TestInvoker.java:230)
      	at org.testng.internal.invokers.TestMethodWithDataProviderMethodWorker.call(TestMethodWithDataProviderMethodWorker.java:81)
      	at org.testng.internal.thread.Async$AsyncTask.run(Async.java:34)
      	at java.base/java.util.concurrent.ThreadPoolExecutor.runWorker(ThreadPoolExecutor.java:1144)
      	at java.base/java.util.concurrent.ThreadPoolExecutor$Worker.run(ThreadPoolExecutor.java:642)
      	at java.base/java.lang.Thread.run(Thread.java:1583)
  Then User searches with same shortname Tom on offers page                        # stepDefinitions.OffersPageStepDefinitions.user_searches_with_same_shortname_on_offers_page(java.lang.String)
  When User searches with shortname beet and extracted actual name of product      # stepDefinitions.LandingPageStepDefinitions.user_searches_with_shortname_and_extracted_actual_name_of_product(java.lang.String)
  And validate product name in offers page matches with landing page               # stepDefinitions.OffersPageStepDefinitions.validate_product_name_in_offers_page_matches_with_landing_page()
  Then User searches with same shortname beet on offers page                       # stepDefinitions.OffersPageStepDefinitions.user_searches_with_same_shortname_on_offers_page(java.lang.String)
  And validate product name in offers page matches with landing page               # stepDefinitions.OffersPageStepDefinitions.validate_product_name_in_offers_page_matches_with_landing_page()
      org.openqa.selenium.SessionNotCreatedException: Could not start a new session. Response code 500. Message: session not created: This version of Microsoft Edge WebDriver only supports Microsoft Edge version 135
      Current browser version is 139.0.3405.111 with binary path C:\Program Files (x86)\Microsoft\Edge\Application\msedge.exe 
      Host info: host: 'NIRMAL-RAWAT', ip: '192.168.0.117'
      Build info: version: '4.31.0', revision: '1ef9f18787*'
      System info: os.name: 'Windows 11', os.arch: 'amd64', os.version: '10.0', java.version: '21.0.2'
      Driver info: org.openqa.selenium.edge.EdgeDriver
      Command: [null, newSession {capabilities=[Capabilities {browserName: MicrosoftEdge, ms:edgeOptions: {args: [], binary: C:\Program Files (x86)\Micr..., extensions: []}}]}]
      	at org.openqa.selenium.remote.ProtocolHandshake.createSession(ProtocolHandshake.java:114)
      	at org.openqa.selenium.remote.ProtocolHandshake.createSession(ProtocolHandshake.java:75)
      	at org.openqa.selenium.remote.ProtocolHandshake.createSession(ProtocolHandshake.java:61)
      	at org.openqa.selenium.remote.HttpCommandExecutor.execute(HttpCommandExecutor.java:187)
      	at org.openqa.selenium.remote.service.DriverCommandExecutor.invokeExecute(DriverCommandExecutor.java:216)
      	at org.openqa.selenium.remote.service.DriverCommandExecutor.execute(DriverCommandExecutor.java:174)
      	at org.openqa.selenium.remote.RemoteWebDriver.execute(RemoteWebDriver.java:545)
      	at org.openqa.selenium.remote.RemoteWebDriver.startSession(RemoteWebDriver.java:245)
      	at org.openqa.selenium.remote.RemoteWebDriver.<init>(RemoteWebDriver.java:174)
      	at org.openqa.selenium.chromium.ChromiumDriver.<init>(ChromiumDriver.java:110)
      	at org.openqa.selenium.edge.EdgeDriver.<init>(EdgeDriver.java:60)
      	at org.openqa.selenium.edge.EdgeDriver.<init>(EdgeDriver.java:56)
      	at org.openqa.selenium.edge.EdgeDriver.<init>(EdgeDriver.java:48)
      	at org.openqa.selenium.edge.EdgeDriver.<init>(EdgeDriver.java:44)
      	at utils.TestBase.webDriverManager(TestBase.java:57)
      	at utils.TestContextSetup.<init>(TestContextSetup.java:18)
      	at java.base/jdk.internal.reflect.DirectConstructorHandleAccessor.newInstance(DirectConstructorHandleAccessor.java:62)
      	at java.base/java.lang.reflect.Constructor.newInstanceWithCaller(Constructor.java:502)
      	at java.base/java.lang.reflect.Constructor.newInstance(Constructor.java:486)
      	at org.picocontainer.injectors.AbstractInjector.newInstance(AbstractInjector.java:145)
      	at org.picocontainer.injectors.ConstructorInjector$1.run(ConstructorInjector.java:342)
      	at org.picocontainer.injectors.AbstractInjector$ThreadLocalCyclicDependencyGuard.observe(AbstractInjector.java:270)
      	at org.picocontainer.injectors.ConstructorInjector.getComponentInstance(ConstructorInjector.java:364)
      	at org.picocontainer.injectors.AbstractInjectionFactory$LifecycleAdapter.getComponentInstance(AbstractInjectionFactory.java:56)
      	at org.picocontainer.behaviors.AbstractBehavior.getComponentInstance(AbstractBehavior.java:64)
      	at org.picocontainer.behaviors.Stored.getComponentInstance(Stored.java:91)
      	at org.picocontainer.DefaultPicoContainer.getInstance(DefaultPicoContainer.java:699)
      	at org.picocontainer.DefaultPicoContainer.getComponent(DefaultPicoContainer.java:647)
      	at org.picocontainer.DefaultPicoContainer.getComponent(DefaultPicoContainer.java:632)
      	at org.picocontainer.parameters.BasicComponentParameter$1.resolveInstance(BasicComponentParameter.java:118)
      	at org.picocontainer.parameters.ComponentParameter$1.resolveInstance(ComponentParameter.java:136)
      	at org.picocontainer.injectors.SingleMemberInjector.getParameter(SingleMemberInjector.java:78)
      	at org.picocontainer.injectors.ConstructorInjector$CtorAndAdapters.getParameterArguments(ConstructorInjector.java:309)
      	at org.picocontainer.injectors.ConstructorInjector$1.run(ConstructorInjector.java:335)
      	at org.picocontainer.injectors.AbstractInjector$ThreadLocalCyclicDependencyGuard.observe(AbstractInjector.java:270)
      	at org.picocontainer.injectors.ConstructorInjector.getComponentInstance(ConstructorInjector.java:364)
      	at org.picocontainer.injectors.AbstractInjectionFactory$LifecycleAdapter.getComponentInstance(AbstractInjectionFactory.java:56)
      	at org.picocontainer.behaviors.AbstractBehavior.getComponentInstance(AbstractBehavior.java:64)
      	at org.picocontainer.behaviors.Stored.getComponentInstance(Stored.java:91)
      	at org.picocontainer.DefaultPicoContainer.getInstance(DefaultPicoContainer.java:699)
      	at org.picocontainer.DefaultPicoContainer.getComponent(DefaultPicoContainer.java:647)
      	at org.picocontainer.DefaultPicoContainer.getComponent(DefaultPicoContainer.java:678)
      	at io.cucumber.picocontainer.PicoFactory.getInstance(PicoFactory.java:64)
      	at io.cucumber.java.AbstractGlueDefinition.invokeMethod(AbstractGlueDefinition.java:47)
      	at io.cucumber.java.JavaHookDefinition.execute(JavaHookDefinition.java:68)
      	at io.cucumber.core.runner.CoreHookDefinition.execute(CoreHookDefinition.java:47)
      	at io.cucumber.core.runner.HookDefinitionMatch.runStep(HookDefinitionMatch.java:21)
      	at io.cucumber.core.runner.ExecutionMode$1.execute(ExecutionMode.java:10)
      	at io.cucumber.core.runner.TestStep.executeStep(TestStep.java:81)
      	at io.cucumber.core.runner.TestStep.run(TestStep.java:53)
      	at io.cucumber.core.runner.TestCase.run(TestCase.java:92)
      	at io.cucumber.core.runner.Runner.runPickle(Runner.java:77)
      	at io.cucumber.testng.TestNGCucumberRunner.lambda$runScenario$1(TestNGCucumberRunner.java:135)
      	at io.cucumber.core.runtime.CucumberExecutionContext.lambda$runTestCase$5(CucumberExecutionContext.java:136)
      	at io.cucumber.core.runtime.RethrowingThrowableCollector.executeAndThrow(RethrowingThrowableCollector.java:23)
      	at io.cucumber.core.runtime.CucumberExecutionContext.runTestCase(CucumberExecutionContext.java:136)
      	at io.cucumber.testng.TestNGCucumberRunner.runScenario(TestNGCucumberRunner.java:132)
      	at io.cucumber.testng.AbstractTestNGCucumberTests.runScenario(AbstractTestNGCucumberTests.java:35)
      	at java.base/jdk.internal.reflect.DirectMethodHandleAccessor.invoke(DirectMethodHandleAccessor.java:103)
      	at java.base/java.lang.reflect.Method.invoke(Method.java:580)
      	at org.testng.internal.invokers.MethodInvocationHelper.invokeMethod(MethodInvocationHelper.java:141)
      	at org.testng.internal.invokers.TestInvoker.invokeMethod(TestInvoker.java:687)
      	at org.testng.internal.invokers.TestInvoker.invokeTestMethod(TestInvoker.java:230)
      	at org.testng.internal.invokers.TestMethodWithDataProviderMethodWorker.call(TestMethodWithDataProviderMethodWorker.java:81)
      	at org.testng.internal.thread.Async$AsyncTask.run(Async.java:34)
      	at java.base/java.util.concurrent.ThreadPoolExecutor.runWorker(ThreadPoolExecutor.java:1144)
      	at java.base/java.util.concurrent.ThreadPoolExecutor$Worker.run(ThreadPoolExecutor.java:642)
      	at java.base/java.lang.Thread.run(Thread.java:1583)
]]></system-out>
    <system-err><![CDATA[SLF4J(W): No SLF4J providers were found.
SLF4J(W): Defaulting to no-operation (NOP) logger implementation
SLF4J(W): See https://www.slf4j.org/codes.html#noProviders for further details.
Aug 23, 2025 9:26:55 PM org.openqa.selenium.manager.SeleniumManager lambda$runCommand$1
WARNING: There was an error managing msedgedriver (error sending request for url (https://msedgedriver.azureedge.net/LATEST_RELEASE_139_WINDOWS)); using driver found in the cache
Aug 23, 2025 9:26:55 PM org.openqa.selenium.manager.SeleniumManager lambda$runCommand$1
WARNING: There was an error managing msedgedriver (error sending request for url (https://msedgedriver.azureedge.net/LATEST_RELEASE_139_WINDOWS)); using driver found in the cache
Aug 23, 2025 9:26:55 PM org.openqa.selenium.manager.SeleniumManager lambda$runCommand$1
WARNING: There was an error managing msedgedriver (error sending request for url (https://msedgedriver.azureedge.net/LATEST_RELEASE_139_WINDOWS)); using driver found in the cache
Aug 23, 2025 9:26:58 PM org.openqa.selenium.manager.SeleniumManager lambda$runCommand$1
WARNING: There was an error managing msedgedriver (error sending request for url (https://msedgedriver.azureedge.net/LATEST_RELEASE_139_WINDOWS)); using driver found in the cache
Aug 23, 2025 9:27:00 PM org.openqa.selenium.manager.SeleniumManager lambda$runCommand$1
WARNING: There was an error managing msedgedriver (error sending request for url (https://msedgedriver.azureedge.net/LATEST_RELEASE_139_WINDOWS)); using driver found in the cache
Aug 23, 2025 9:27:00 PM org.openqa.selenium.manager.SeleniumManager lambda$runCommand$1
WARNING: There was an error managing msedgedriver (error sending request for url (https://msedgedriver.azureedge.net/LATEST_RELEASE_139_WINDOWS)); using driver found in the cache
Aug 23, 2025 9:27:01 PM org.openqa.selenium.manager.SeleniumManager lambda$runCommand$1
WARNING: There was an error managing msedgedriver (error sending request for url (https://msedgedriver.azureedge.net/LATEST_RELEASE_139_WINDOWS)); using driver found in the cache
Aug 23, 2025 9:27:04 PM org.openqa.selenium.manager.SeleniumManager lambda$runCommand$1
WARNING: There was an error managing msedgedriver (error sending request for url (https://msedgedriver.azureedge.net/LATEST_RELEASE_139_WINDOWS)); using driver found in the cache
Aug 23, 2025 9:27:04 PM org.openqa.selenium.manager.SeleniumManager lambda$runCommand$1
WARNING: There was an error managing msedgedriver (error sending request for url (https://msedgedriver.azureedge.net/LATEST_RELEASE_139_WINDOWS)); using driver found in the cache
]]></system-err>
  </testcase>
  <testcase name="runScenario[&quot;Search experience for product search in both home and Offer Page&quot;, &quot;Search and Place the order for Products&quot;](2)" classname="cucumberOptions.TestNGTestRunner" time="11.851">
    <failure message="Could not start a new session. Response code 500. Message: session not created: This version of Microsoft Edge WebDriver only supports Microsoft Edge version 135&#10;Current browser version is 139.0.3405.111 with binary path C:\Program Files (x86)\Microsoft\Edge\Application\msedge.exe &#10;Host info: host: &apos;NIRMAL-RAWAT&apos;, ip: &apos;192.168.0.117&apos;&#10;Build info: version: &apos;4.31.0&apos;, revision: &apos;1ef9f18787*&apos;&#10;System info: os.name: &apos;Windows 11&apos;, os.arch: &apos;amd64&apos;, os.version: &apos;10.0&apos;, java.version: &apos;21.0.2&apos;&#10;Driver info: org.openqa.selenium.edge.EdgeDriver&#10;Command: [null, newSession {capabilities=[Capabilities {browserName: MicrosoftEdge, ms:edgeOptions: {args: [], binary: C:\Program Files (x86)\Micr..., extensions: []}}]}]" type="org.openqa.selenium.SessionNotCreatedException"><![CDATA[org.openqa.selenium.SessionNotCreatedException: 
Could not start a new session. Response code 500. Message: session not created: This version of Microsoft Edge WebDriver only supports Microsoft Edge version 135
Current browser version is 139.0.3405.111 with binary path C:\Program Files (x86)\Microsoft\Edge\Application\msedge.exe 
Host info: host: 'NIRMAL-RAWAT', ip: '192.168.0.117'
Build info: version: '4.31.0', revision: '1ef9f18787*'
System info: os.name: 'Windows 11', os.arch: 'amd64', os.version: '10.0', java.version: '21.0.2'
Driver info: org.openqa.selenium.edge.EdgeDriver
Command: [null, newSession {capabilities=[Capabilities {browserName: MicrosoftEdge, ms:edgeOptions: {args: [], binary: C:\Program Files (x86)\Micr..., extensions: []}}]}]
	at org.openqa.selenium.remote.ProtocolHandshake.createSession(ProtocolHandshake.java:114)
	at org.openqa.selenium.remote.ProtocolHandshake.createSession(ProtocolHandshake.java:75)
	at org.openqa.selenium.remote.ProtocolHandshake.createSession(ProtocolHandshake.java:61)
	at org.openqa.selenium.remote.HttpCommandExecutor.execute(HttpCommandExecutor.java:187)
	at org.openqa.selenium.remote.service.DriverCommandExecutor.invokeExecute(DriverCommandExecutor.java:216)
	at org.openqa.selenium.remote.service.DriverCommandExecutor.execute(DriverCommandExecutor.java:174)
	at org.openqa.selenium.remote.RemoteWebDriver.execute(RemoteWebDriver.java:545)
	at org.openqa.selenium.remote.RemoteWebDriver.startSession(RemoteWebDriver.java:245)
	at org.openqa.selenium.remote.RemoteWebDriver.<init>(RemoteWebDriver.java:174)
	at org.openqa.selenium.chromium.ChromiumDriver.<init>(ChromiumDriver.java:110)
	at org.openqa.selenium.edge.EdgeDriver.<init>(EdgeDriver.java:60)
	at org.openqa.selenium.edge.EdgeDriver.<init>(EdgeDriver.java:56)
	at org.openqa.selenium.edge.EdgeDriver.<init>(EdgeDriver.java:48)
	at org.openqa.selenium.edge.EdgeDriver.<init>(EdgeDriver.java:44)
	at utils.TestBase.webDriverManager(TestBase.java:57)
	at utils.TestContextSetup.<init>(TestContextSetup.java:18)
	at java.base/jdk.internal.reflect.DirectConstructorHandleAccessor.newInstance(DirectConstructorHandleAccessor.java:62)
	at java.base/java.lang.reflect.Constructor.newInstanceWithCaller(Constructor.java:502)
	at java.base/java.lang.reflect.Constructor.newInstance(Constructor.java:486)
	at org.picocontainer.injectors.AbstractInjector.newInstance(AbstractInjector.java:145)
	at org.picocontainer.injectors.ConstructorInjector$1.run(ConstructorInjector.java:342)
	at org.picocontainer.injectors.AbstractInjector$ThreadLocalCyclicDependencyGuard.observe(AbstractInjector.java:270)
	at org.picocontainer.injectors.ConstructorInjector.getComponentInstance(ConstructorInjector.java:364)
	at org.picocontainer.injectors.AbstractInjectionFactory$LifecycleAdapter.getComponentInstance(AbstractInjectionFactory.java:56)
	at org.picocontainer.behaviors.AbstractBehavior.getComponentInstance(AbstractBehavior.java:64)
	at org.picocontainer.behaviors.Stored.getComponentInstance(Stored.java:91)
	at org.picocontainer.DefaultPicoContainer.getInstance(DefaultPicoContainer.java:699)
	at org.picocontainer.DefaultPicoContainer.getComponent(DefaultPicoContainer.java:647)
	at org.picocontainer.DefaultPicoContainer.getComponent(DefaultPicoContainer.java:632)
	at org.picocontainer.parameters.BasicComponentParameter$1.resolveInstance(BasicComponentParameter.java:118)
	at org.picocontainer.parameters.ComponentParameter$1.resolveInstance(ComponentParameter.java:136)
	at org.picocontainer.injectors.SingleMemberInjector.getParameter(SingleMemberInjector.java:78)
	at org.picocontainer.injectors.ConstructorInjector$CtorAndAdapters.getParameterArguments(ConstructorInjector.java:309)
	at org.picocontainer.injectors.ConstructorInjector$1.run(ConstructorInjector.java:335)
	at org.picocontainer.injectors.AbstractInjector$ThreadLocalCyclicDependencyGuard.observe(AbstractInjector.java:270)
	at org.picocontainer.injectors.ConstructorInjector.getComponentInstance(ConstructorInjector.java:364)
	at org.picocontainer.injectors.AbstractInjectionFactory$LifecycleAdapter.getComponentInstance(AbstractInjectionFactory.java:56)
	at org.picocontainer.behaviors.AbstractBehavior.getComponentInstance(AbstractBehavior.java:64)
	at org.picocontainer.behaviors.Stored.getComponentInstance(Stored.java:91)
	at org.picocontainer.DefaultPicoContainer.getInstance(DefaultPicoContainer.java:699)
	at org.picocontainer.DefaultPicoContainer.getComponent(DefaultPicoContainer.java:647)
	at org.picocontainer.DefaultPicoContainer.getComponent(DefaultPicoContainer.java:678)
	at io.cucumber.picocontainer.PicoFactory.getInstance(PicoFactory.java:64)
	at io.cucumber.java.AbstractGlueDefinition.invokeMethod(AbstractGlueDefinition.java:47)
	at io.cucumber.java.JavaStepDefinition.execute(JavaStepDefinition.java:29)
	at io.cucumber.core.runner.CoreStepDefinition.execute(CoreStepDefinition.java:66)
	at io.cucumber.core.runner.PickleStepDefinitionMatch.runStep(PickleStepDefinitionMatch.java:62)
	at io.cucumber.core.runner.ExecutionMode$1.execute(ExecutionMode.java:10)
	at io.cucumber.core.runner.TestStep.executeStep(TestStep.java:81)
	at io.cucumber.core.runner.TestStep.run(TestStep.java:53)
	at io.cucumber.core.runner.PickleStepTestStep.run(PickleStepTestStep.java:51)
	at io.cucumber.core.runner.TestCase.run(TestCase.java:86)
	at io.cucumber.core.runner.Runner.runPickle(Runner.java:77)
	at io.cucumber.testng.TestNGCucumberRunner.lambda$runScenario$1(TestNGCucumberRunner.java:135)
	at io.cucumber.core.runtime.CucumberExecutionContext.lambda$runTestCase$5(CucumberExecutionContext.java:136)
	at io.cucumber.core.runtime.RethrowingThrowableCollector.executeAndThrow(RethrowingThrowableCollector.java:23)
	at io.cucumber.core.runtime.CucumberExecutionContext.runTestCase(CucumberExecutionContext.java:136)
	at io.cucumber.testng.TestNGCucumberRunner.runScenario(TestNGCucumberRunner.java:132)
	at io.cucumber.testng.AbstractTestNGCucumberTests.runScenario(AbstractTestNGCucumberTests.java:35)
	at java.base/jdk.internal.reflect.DirectMethodHandleAccessor.invoke(DirectMethodHandleAccessor.java:103)
	at java.base/java.lang.reflect.Method.invoke(Method.java:580)
	at org.testng.internal.invokers.MethodInvocationHelper.invokeMethod(MethodInvocationHelper.java:141)
	at org.testng.internal.invokers.TestInvoker.invokeMethod(TestInvoker.java:687)
	at org.testng.internal.invokers.TestInvoker.invokeTestMethod(TestInvoker.java:230)
	at org.testng.internal.invokers.TestMethodWithDataProviderMethodWorker.call(TestMethodWithDataProviderMethodWorker.java:81)
	at org.testng.internal.thread.Async$AsyncTask.run(Async.java:34)
	at java.base/java.util.concurrent.ThreadPoolExecutor.runWorker(ThreadPoolExecutor.java:1144)
	at java.base/java.util.concurrent.ThreadPoolExecutor$Worker.run(ThreadPoolExecutor.java:642)
	at java.base/java.lang.Thread.run(Thread.java:1583)
]]></failure>
    <system-out><![CDATA[      org.openqa.selenium.SessionNotCreatedException: Could not start a new session. Response code 500. Message: session not created: This version of Microsoft Edge WebDriver only supports Microsoft Edge version 135
      Current browser version is 139.0.3405.111 with binary path C:\Program Files (x86)\Microsoft\Edge\Application\msedge.exe 
      Host info: host: 'NIRMAL-RAWAT', ip: '192.168.0.117'
      Build info: version: '4.31.0', revision: '1ef9f18787*'
      System info: os.name: 'Windows 11', os.arch: 'amd64', os.version: '10.0', java.version: '21.0.2'
      Driver info: org.openqa.selenium.edge.EdgeDriver
      Command: [null, newSession {capabilities=[Capabilities {browserName: MicrosoftEdge, ms:edgeOptions: {args: [], binary: C:\Program Files (x86)\Micr..., extensions: []}}]}]
      	at org.openqa.selenium.remote.ProtocolHandshake.createSession(ProtocolHandshake.java:114)
      	at org.openqa.selenium.remote.ProtocolHandshake.createSession(ProtocolHandshake.java:75)
      	at org.openqa.selenium.remote.ProtocolHandshake.createSession(ProtocolHandshake.java:61)
      	at org.openqa.selenium.remote.HttpCommandExecutor.execute(HttpCommandExecutor.java:187)
      	at org.openqa.selenium.remote.service.DriverCommandExecutor.invokeExecute(DriverCommandExecutor.java:216)
      	at org.openqa.selenium.remote.service.DriverCommandExecutor.execute(DriverCommandExecutor.java:174)
      	at org.openqa.selenium.remote.RemoteWebDriver.execute(RemoteWebDriver.java:545)
      	at org.openqa.selenium.remote.RemoteWebDriver.startSession(RemoteWebDriver.java:245)
      	at org.openqa.selenium.remote.RemoteWebDriver.<init>(RemoteWebDriver.java:174)
      	at org.openqa.selenium.chromium.ChromiumDriver.<init>(ChromiumDriver.java:110)
      	at org.openqa.selenium.edge.EdgeDriver.<init>(EdgeDriver.java:60)
      	at org.openqa.selenium.edge.EdgeDriver.<init>(EdgeDriver.java:56)
      	at org.openqa.selenium.edge.EdgeDriver.<init>(EdgeDriver.java:48)
      	at org.openqa.selenium.edge.EdgeDriver.<init>(EdgeDriver.java:44)
      	at utils.TestBase.webDriverManager(TestBase.java:57)
      	at utils.TestContextSetup.<init>(TestContextSetup.java:18)
      	at java.base/jdk.internal.reflect.DirectConstructorHandleAccessor.newInstance(DirectConstructorHandleAccessor.java:62)
      	at java.base/java.lang.reflect.Constructor.newInstanceWithCaller(Constructor.java:502)
      	at java.base/java.lang.reflect.Constructor.newInstance(Constructor.java:486)
      	at org.picocontainer.injectors.AbstractInjector.newInstance(AbstractInjector.java:145)
      	at org.picocontainer.injectors.ConstructorInjector$1.run(ConstructorInjector.java:342)
      	at org.picocontainer.injectors.AbstractInjector$ThreadLocalCyclicDependencyGuard.observe(AbstractInjector.java:270)
      	at org.picocontainer.injectors.ConstructorInjector.getComponentInstance(ConstructorInjector.java:364)
      	at org.picocontainer.injectors.AbstractInjectionFactory$LifecycleAdapter.getComponentInstance(AbstractInjectionFactory.java:56)
      	at org.picocontainer.behaviors.AbstractBehavior.getComponentInstance(AbstractBehavior.java:64)
      	at org.picocontainer.behaviors.Stored.getComponentInstance(Stored.java:91)
      	at org.picocontainer.DefaultPicoContainer.getInstance(DefaultPicoContainer.java:699)
      	at org.picocontainer.DefaultPicoContainer.getComponent(DefaultPicoContainer.java:647)
      	at org.picocontainer.DefaultPicoContainer.getComponent(DefaultPicoContainer.java:632)
      	at org.picocontainer.parameters.BasicComponentParameter$1.resolveInstance(BasicComponentParameter.java:118)
      	at org.picocontainer.parameters.ComponentParameter$1.resolveInstance(ComponentParameter.java:136)
      	at org.picocontainer.injectors.SingleMemberInjector.getParameter(SingleMemberInjector.java:78)
      	at org.picocontainer.injectors.ConstructorInjector$CtorAndAdapters.getParameterArguments(ConstructorInjector.java:309)
      	at org.picocontainer.injectors.ConstructorInjector$1.run(ConstructorInjector.java:335)
      	at org.picocontainer.injectors.AbstractInjector$ThreadLocalCyclicDependencyGuard.observe(AbstractInjector.java:270)
      	at org.picocontainer.injectors.ConstructorInjector.getComponentInstance(ConstructorInjector.java:364)
      	at org.picocontainer.injectors.AbstractInjectionFactory$LifecycleAdapter.getComponentInstance(AbstractInjectionFactory.java:56)
      	at org.picocontainer.behaviors.AbstractBehavior.getComponentInstance(AbstractBehavior.java:64)
      	at org.picocontainer.behaviors.Stored.getComponentInstance(Stored.java:91)
      	at org.picocontainer.DefaultPicoContainer.getInstance(DefaultPicoContainer.java:699)
      	at org.picocontainer.DefaultPicoContainer.getComponent(DefaultPicoContainer.java:647)
      	at org.picocontainer.DefaultPicoContainer.getComponent(DefaultPicoContainer.java:678)
      	at io.cucumber.picocontainer.PicoFactory.getInstance(PicoFactory.java:64)
      	at io.cucumber.java.AbstractGlueDefinition.invokeMethod(AbstractGlueDefinition.java:47)
      	at io.cucumber.java.JavaHookDefinition.execute(JavaHookDefinition.java:68)
      	at io.cucumber.core.runner.CoreHookDefinition.execute(CoreHookDefinition.java:47)
      	at io.cucumber.core.runner.HookDefinitionMatch.runStep(HookDefinitionMatch.java:21)
      	at io.cucumber.core.runner.ExecutionMode$1.execute(ExecutionMode.java:10)
      	at io.cucumber.core.runner.TestStep.executeStep(TestStep.java:81)
      	at io.cucumber.core.runner.TestStep.run(TestStep.java:53)
      	at io.cucumber.core.runner.TestCase.run(TestCase.java:92)
      	at io.cucumber.core.runner.Runner.runPickle(Runner.java:77)
      	at io.cucumber.testng.TestNGCucumberRunner.lambda$runScenario$1(TestNGCucumberRunner.java:135)
      	at io.cucumber.core.runtime.CucumberExecutionContext.lambda$runTestCase$5(CucumberExecutionContext.java:136)
      	at io.cucumber.core.runtime.RethrowingThrowableCollector.executeAndThrow(RethrowingThrowableCollector.java:23)
      	at io.cucumber.core.runtime.CucumberExecutionContext.runTestCase(CucumberExecutionContext.java:136)
      	at io.cucumber.testng.TestNGCucumberRunner.runScenario(TestNGCucumberRunner.java:132)
      	at io.cucumber.testng.AbstractTestNGCucumberTests.runScenario(AbstractTestNGCucumberTests.java:35)
      	at java.base/jdk.internal.reflect.DirectMethodHandleAccessor.invoke(DirectMethodHandleAccessor.java:103)
      	at java.base/java.lang.reflect.Method.invoke(Method.java:580)
      	at org.testng.internal.invokers.MethodInvocationHelper.invokeMethod(MethodInvocationHelper.java:141)
      	at org.testng.internal.invokers.TestInvoker.invokeMethod(TestInvoker.java:687)
      	at org.testng.internal.invokers.TestInvoker.invokeTestMethod(TestInvoker.java:230)
      	at org.testng.internal.invokers.TestMethodWithDataProviderMethodWorker.call(TestMethodWithDataProviderMethodWorker.java:81)
      	at org.testng.internal.thread.Async$AsyncTask.run(Async.java:34)
      	at java.base/java.util.concurrent.ThreadPoolExecutor.runWorker(ThreadPoolExecutor.java:1144)
      	at java.base/java.util.concurrent.ThreadPoolExecutor$Worker.run(ThreadPoolExecutor.java:642)
      	at java.base/java.lang.Thread.run(Thread.java:1583)
]]></system-out>
  </testcase>
  <testcase name="runScenario[&quot;Search experience for product search in both home and Offer Page&quot;, &quot;Search and Place the order for Products&quot;](3)" classname="cucumberOptions.TestNGTestRunner" time="13.142">
    <failure message="Could not start a new session. Response code 500. Message: session not created: This version of Microsoft Edge WebDriver only supports Microsoft Edge version 135&#10;Current browser version is 139.0.3405.111 with binary path C:\Program Files (x86)\Microsoft\Edge\Application\msedge.exe &#10;Host info: host: &apos;NIRMAL-RAWAT&apos;, ip: &apos;192.168.0.117&apos;&#10;Build info: version: &apos;4.31.0&apos;, revision: &apos;1ef9f18787*&apos;&#10;System info: os.name: &apos;Windows 11&apos;, os.arch: &apos;amd64&apos;, os.version: &apos;10.0&apos;, java.version: &apos;21.0.2&apos;&#10;Driver info: org.openqa.selenium.edge.EdgeDriver&#10;Command: [null, newSession {capabilities=[Capabilities {browserName: MicrosoftEdge, ms:edgeOptions: {args: [], binary: C:\Program Files (x86)\Micr..., extensions: []}}]}]" type="org.openqa.selenium.SessionNotCreatedException"><![CDATA[org.openqa.selenium.SessionNotCreatedException: 
Could not start a new session. Response code 500. Message: session not created: This version of Microsoft Edge WebDriver only supports Microsoft Edge version 135
Current browser version is 139.0.3405.111 with binary path C:\Program Files (x86)\Microsoft\Edge\Application\msedge.exe 
Host info: host: 'NIRMAL-RAWAT', ip: '192.168.0.117'
Build info: version: '4.31.0', revision: '1ef9f18787*'
System info: os.name: 'Windows 11', os.arch: 'amd64', os.version: '10.0', java.version: '21.0.2'
Driver info: org.openqa.selenium.edge.EdgeDriver
Command: [null, newSession {capabilities=[Capabilities {browserName: MicrosoftEdge, ms:edgeOptions: {args: [], binary: C:\Program Files (x86)\Micr..., extensions: []}}]}]
	at org.openqa.selenium.remote.ProtocolHandshake.createSession(ProtocolHandshake.java:114)
	at org.openqa.selenium.remote.ProtocolHandshake.createSession(ProtocolHandshake.java:75)
	at org.openqa.selenium.remote.ProtocolHandshake.createSession(ProtocolHandshake.java:61)
	at org.openqa.selenium.remote.HttpCommandExecutor.execute(HttpCommandExecutor.java:187)
	at org.openqa.selenium.remote.service.DriverCommandExecutor.invokeExecute(DriverCommandExecutor.java:216)
	at org.openqa.selenium.remote.service.DriverCommandExecutor.execute(DriverCommandExecutor.java:174)
	at org.openqa.selenium.remote.RemoteWebDriver.execute(RemoteWebDriver.java:545)
	at org.openqa.selenium.remote.RemoteWebDriver.startSession(RemoteWebDriver.java:245)
	at org.openqa.selenium.remote.RemoteWebDriver.<init>(RemoteWebDriver.java:174)
	at org.openqa.selenium.chromium.ChromiumDriver.<init>(ChromiumDriver.java:110)
	at org.openqa.selenium.edge.EdgeDriver.<init>(EdgeDriver.java:60)
	at org.openqa.selenium.edge.EdgeDriver.<init>(EdgeDriver.java:56)
	at org.openqa.selenium.edge.EdgeDriver.<init>(EdgeDriver.java:48)
	at org.openqa.selenium.edge.EdgeDriver.<init>(EdgeDriver.java:44)
	at utils.TestBase.webDriverManager(TestBase.java:57)
	at utils.TestContextSetup.<init>(TestContextSetup.java:18)
	at java.base/jdk.internal.reflect.DirectConstructorHandleAccessor.newInstance(DirectConstructorHandleAccessor.java:62)
	at java.base/java.lang.reflect.Constructor.newInstanceWithCaller(Constructor.java:502)
	at java.base/java.lang.reflect.Constructor.newInstance(Constructor.java:486)
	at org.picocontainer.injectors.AbstractInjector.newInstance(AbstractInjector.java:145)
	at org.picocontainer.injectors.ConstructorInjector$1.run(ConstructorInjector.java:342)
	at org.picocontainer.injectors.AbstractInjector$ThreadLocalCyclicDependencyGuard.observe(AbstractInjector.java:270)
	at org.picocontainer.injectors.ConstructorInjector.getComponentInstance(ConstructorInjector.java:364)
	at org.picocontainer.injectors.AbstractInjectionFactory$LifecycleAdapter.getComponentInstance(AbstractInjectionFactory.java:56)
	at org.picocontainer.behaviors.AbstractBehavior.getComponentInstance(AbstractBehavior.java:64)
	at org.picocontainer.behaviors.Stored.getComponentInstance(Stored.java:91)
	at org.picocontainer.DefaultPicoContainer.getInstance(DefaultPicoContainer.java:699)
	at org.picocontainer.DefaultPicoContainer.getComponent(DefaultPicoContainer.java:647)
	at org.picocontainer.DefaultPicoContainer.getComponent(DefaultPicoContainer.java:632)
	at org.picocontainer.parameters.BasicComponentParameter$1.resolveInstance(BasicComponentParameter.java:118)
	at org.picocontainer.parameters.ComponentParameter$1.resolveInstance(ComponentParameter.java:136)
	at org.picocontainer.injectors.SingleMemberInjector.getParameter(SingleMemberInjector.java:78)
	at org.picocontainer.injectors.ConstructorInjector$CtorAndAdapters.getParameterArguments(ConstructorInjector.java:309)
	at org.picocontainer.injectors.ConstructorInjector$1.run(ConstructorInjector.java:335)
	at org.picocontainer.injectors.AbstractInjector$ThreadLocalCyclicDependencyGuard.observe(AbstractInjector.java:270)
	at org.picocontainer.injectors.ConstructorInjector.getComponentInstance(ConstructorInjector.java:364)
	at org.picocontainer.injectors.AbstractInjectionFactory$LifecycleAdapter.getComponentInstance(AbstractInjectionFactory.java:56)
	at org.picocontainer.behaviors.AbstractBehavior.getComponentInstance(AbstractBehavior.java:64)
	at org.picocontainer.behaviors.Stored.getComponentInstance(Stored.java:91)
	at org.picocontainer.DefaultPicoContainer.getInstance(DefaultPicoContainer.java:699)
	at org.picocontainer.DefaultPicoContainer.getComponent(DefaultPicoContainer.java:647)
	at org.picocontainer.DefaultPicoContainer.getComponent(DefaultPicoContainer.java:678)
	at io.cucumber.picocontainer.PicoFactory.getInstance(PicoFactory.java:64)
	at io.cucumber.java.AbstractGlueDefinition.invokeMethod(AbstractGlueDefinition.java:47)
	at io.cucumber.java.JavaStepDefinition.execute(JavaStepDefinition.java:29)
	at io.cucumber.core.runner.CoreStepDefinition.execute(CoreStepDefinition.java:66)
	at io.cucumber.core.runner.PickleStepDefinitionMatch.runStep(PickleStepDefinitionMatch.java:62)
	at io.cucumber.core.runner.ExecutionMode$1.execute(ExecutionMode.java:10)
	at io.cucumber.core.runner.TestStep.executeStep(TestStep.java:81)
	at io.cucumber.core.runner.TestStep.run(TestStep.java:53)
	at io.cucumber.core.runner.PickleStepTestStep.run(PickleStepTestStep.java:51)
	at io.cucumber.core.runner.TestCase.run(TestCase.java:86)
	at io.cucumber.core.runner.Runner.runPickle(Runner.java:77)
	at io.cucumber.testng.TestNGCucumberRunner.lambda$runScenario$1(TestNGCucumberRunner.java:135)
	at io.cucumber.core.runtime.CucumberExecutionContext.lambda$runTestCase$5(CucumberExecutionContext.java:136)
	at io.cucumber.core.runtime.RethrowingThrowableCollector.executeAndThrow(RethrowingThrowableCollector.java:23)
	at io.cucumber.core.runtime.CucumberExecutionContext.runTestCase(CucumberExecutionContext.java:136)
	at io.cucumber.testng.TestNGCucumberRunner.runScenario(TestNGCucumberRunner.java:132)
	at io.cucumber.testng.AbstractTestNGCucumberTests.runScenario(AbstractTestNGCucumberTests.java:35)
	at java.base/jdk.internal.reflect.DirectMethodHandleAccessor.invoke(DirectMethodHandleAccessor.java:103)
	at java.base/java.lang.reflect.Method.invoke(Method.java:580)
	at org.testng.internal.invokers.MethodInvocationHelper.invokeMethod(MethodInvocationHelper.java:141)
	at org.testng.internal.invokers.TestInvoker.invokeMethod(TestInvoker.java:687)
	at org.testng.internal.invokers.TestInvoker.invokeTestMethod(TestInvoker.java:230)
	at org.testng.internal.invokers.TestMethodWithDataProviderMethodWorker.call(TestMethodWithDataProviderMethodWorker.java:81)
	at org.testng.internal.thread.Async$AsyncTask.run(Async.java:34)
	at java.base/java.util.concurrent.ThreadPoolExecutor.runWorker(ThreadPoolExecutor.java:1144)
	at java.base/java.util.concurrent.ThreadPoolExecutor$Worker.run(ThreadPoolExecutor.java:642)
	at java.base/java.lang.Thread.run(Thread.java:1583)
]]></failure>
    <system-out><![CDATA[      org.openqa.selenium.SessionNotCreatedException: Could not start a new session. Response code 500. Message: session not created: This version of Microsoft Edge WebDriver only supports Microsoft Edge version 135
      Current browser version is 139.0.3405.111 with binary path C:\Program Files (x86)\Microsoft\Edge\Application\msedge.exe 
      Host info: host: 'NIRMAL-RAWAT', ip: '192.168.0.117'
      Build info: version: '4.31.0', revision: '1ef9f18787*'
      System info: os.name: 'Windows 11', os.arch: 'amd64', os.version: '10.0', java.version: '21.0.2'
      Driver info: org.openqa.selenium.edge.EdgeDriver
      Command: [null, newSession {capabilities=[Capabilities {browserName: MicrosoftEdge, ms:edgeOptions: {args: [], binary: C:\Program Files (x86)\Micr..., extensions: []}}]}]
      	at org.openqa.selenium.remote.ProtocolHandshake.createSession(ProtocolHandshake.java:114)
      	at org.openqa.selenium.remote.ProtocolHandshake.createSession(ProtocolHandshake.java:75)
      	at org.openqa.selenium.remote.ProtocolHandshake.createSession(ProtocolHandshake.java:61)
      	at org.openqa.selenium.remote.HttpCommandExecutor.execute(HttpCommandExecutor.java:187)
      	at org.openqa.selenium.remote.service.DriverCommandExecutor.invokeExecute(DriverCommandExecutor.java:216)
      	at org.openqa.selenium.remote.service.DriverCommandExecutor.execute(DriverCommandExecutor.java:174)
      	at org.openqa.selenium.remote.RemoteWebDriver.execute(RemoteWebDriver.java:545)
      	at org.openqa.selenium.remote.RemoteWebDriver.startSession(RemoteWebDriver.java:245)
      	at org.openqa.selenium.remote.RemoteWebDriver.<init>(RemoteWebDriver.java:174)
      	at org.openqa.selenium.chromium.ChromiumDriver.<init>(ChromiumDriver.java:110)
      	at org.openqa.selenium.edge.EdgeDriver.<init>(EdgeDriver.java:60)
      	at org.openqa.selenium.edge.EdgeDriver.<init>(EdgeDriver.java:56)
      	at org.openqa.selenium.edge.EdgeDriver.<init>(EdgeDriver.java:48)
      	at org.openqa.selenium.edge.EdgeDriver.<init>(EdgeDriver.java:44)
      	at utils.TestBase.webDriverManager(TestBase.java:57)
      	at utils.TestContextSetup.<init>(TestContextSetup.java:18)
      	at java.base/jdk.internal.reflect.DirectConstructorHandleAccessor.newInstance(DirectConstructorHandleAccessor.java:62)
      	at java.base/java.lang.reflect.Constructor.newInstanceWithCaller(Constructor.java:502)
      	at java.base/java.lang.reflect.Constructor.newInstance(Constructor.java:486)
      	at org.picocontainer.injectors.AbstractInjector.newInstance(AbstractInjector.java:145)
      	at org.picocontainer.injectors.ConstructorInjector$1.run(ConstructorInjector.java:342)
      	at org.picocontainer.injectors.AbstractInjector$ThreadLocalCyclicDependencyGuard.observe(AbstractInjector.java:270)
      	at org.picocontainer.injectors.ConstructorInjector.getComponentInstance(ConstructorInjector.java:364)
      	at org.picocontainer.injectors.AbstractInjectionFactory$LifecycleAdapter.getComponentInstance(AbstractInjectionFactory.java:56)
      	at org.picocontainer.behaviors.AbstractBehavior.getComponentInstance(AbstractBehavior.java:64)
      	at org.picocontainer.behaviors.Stored.getComponentInstance(Stored.java:91)
      	at org.picocontainer.DefaultPicoContainer.getInstance(DefaultPicoContainer.java:699)
      	at org.picocontainer.DefaultPicoContainer.getComponent(DefaultPicoContainer.java:647)
      	at org.picocontainer.DefaultPicoContainer.getComponent(DefaultPicoContainer.java:632)
      	at org.picocontainer.parameters.BasicComponentParameter$1.resolveInstance(BasicComponentParameter.java:118)
      	at org.picocontainer.parameters.ComponentParameter$1.resolveInstance(ComponentParameter.java:136)
      	at org.picocontainer.injectors.SingleMemberInjector.getParameter(SingleMemberInjector.java:78)
      	at org.picocontainer.injectors.ConstructorInjector$CtorAndAdapters.getParameterArguments(ConstructorInjector.java:309)
      	at org.picocontainer.injectors.ConstructorInjector$1.run(ConstructorInjector.java:335)
      	at org.picocontainer.injectors.AbstractInjector$ThreadLocalCyclicDependencyGuard.observe(AbstractInjector.java:270)
      	at org.picocontainer.injectors.ConstructorInjector.getComponentInstance(ConstructorInjector.java:364)
      	at org.picocontainer.injectors.AbstractInjectionFactory$LifecycleAdapter.getComponentInstance(AbstractInjectionFactory.java:56)
      	at org.picocontainer.behaviors.AbstractBehavior.getComponentInstance(AbstractBehavior.java:64)
      	at org.picocontainer.behaviors.Stored.getComponentInstance(Stored.java:91)
      	at org.picocontainer.DefaultPicoContainer.getInstance(DefaultPicoContainer.java:699)
      	at org.picocontainer.DefaultPicoContainer.getComponent(DefaultPicoContainer.java:647)
      	at org.picocontainer.DefaultPicoContainer.getComponent(DefaultPicoContainer.java:678)
      	at io.cucumber.picocontainer.PicoFactory.getInstance(PicoFactory.java:64)
      	at io.cucumber.java.AbstractGlueDefinition.invokeMethod(AbstractGlueDefinition.java:47)
      	at io.cucumber.java.JavaHookDefinition.execute(JavaHookDefinition.java:68)
      	at io.cucumber.core.runner.CoreHookDefinition.execute(CoreHookDefinition.java:47)
      	at io.cucumber.core.runner.HookDefinitionMatch.runStep(HookDefinitionMatch.java:21)
      	at io.cucumber.core.runner.ExecutionMode$1.execute(ExecutionMode.java:10)
      	at io.cucumber.core.runner.TestStep.executeStep(TestStep.java:81)
      	at io.cucumber.core.runner.TestStep.run(TestStep.java:53)
      	at io.cucumber.core.runner.TestCase.run(TestCase.java:92)
      	at io.cucumber.core.runner.Runner.runPickle(Runner.java:77)
      	at io.cucumber.testng.TestNGCucumberRunner.lambda$runScenario$1(TestNGCucumberRunner.java:135)
      	at io.cucumber.core.runtime.CucumberExecutionContext.lambda$runTestCase$5(CucumberExecutionContext.java:136)
      	at io.cucumber.core.runtime.RethrowingThrowableCollector.executeAndThrow(RethrowingThrowableCollector.java:23)
      	at io.cucumber.core.runtime.CucumberExecutionContext.runTestCase(CucumberExecutionContext.java:136)
      	at io.cucumber.testng.TestNGCucumberRunner.runScenario(TestNGCucumberRunner.java:132)
      	at io.cucumber.testng.AbstractTestNGCucumberTests.runScenario(AbstractTestNGCucumberTests.java:35)
      	at java.base/jdk.internal.reflect.DirectMethodHandleAccessor.invoke(DirectMethodHandleAccessor.java:103)
      	at java.base/java.lang.reflect.Method.invoke(Method.java:580)
      	at org.testng.internal.invokers.MethodInvocationHelper.invokeMethod(MethodInvocationHelper.java:141)
      	at org.testng.internal.invokers.TestInvoker.invokeMethod(TestInvoker.java:687)
      	at org.testng.internal.invokers.TestInvoker.invokeTestMethod(TestInvoker.java:230)
      	at org.testng.internal.invokers.TestMethodWithDataProviderMethodWorker.call(TestMethodWithDataProviderMethodWorker.java:81)
      	at org.testng.internal.thread.Async$AsyncTask.run(Async.java:34)
      	at java.base/java.util.concurrent.ThreadPoolExecutor.runWorker(ThreadPoolExecutor.java:1144)
      	at java.base/java.util.concurrent.ThreadPoolExecutor$Worker.run(ThreadPoolExecutor.java:642)
      	at java.base/java.lang.Thread.run(Thread.java:1583)
]]></system-out>
  </testcase>
</testsuite>